[Info] no config setting key:front_title_logo	 [2016-01-05 22:30:19]
[Info] no config setting key:blog-title	 [2016-01-05 22:30:19]
[Info] no config setting key:blog-title-small	 [2016-01-05 22:30:19]
[Info] no config setting key:about_title	 [2016-01-05 22:30:19]
[Info] no config setting key:about	 [2016-01-05 22:30:19]
[Info] no config setting key:front_title	 [2016-01-05 22:30:19]
[Info] no config setting key:footer	 [2016-01-05 22:30:19]
[Info] no config setting key:front_title_logo	 [2016-01-05 22:41:59]
[Info] no config setting key:blog-title	 [2016-01-05 22:41:59]
[Info] no config setting key:blog-title-small	 [2016-01-05 22:41:59]
[Info] no config setting key:about_title	 [2016-01-05 22:41:59]
[Info] no config setting key:about	 [2016-01-05 22:41:59]
[Info] no config setting key:front_title	 [2016-01-05 22:41:59]
[Info] no config setting key:footer	 [2016-01-05 22:41:59]
[Info] no config setting key:front_title_logo	 [2016-01-05 22:42:06]
[Info] no config setting key:blog-title	 [2016-01-05 22:42:06]
[Info] no config setting key:blog-title-small	 [2016-01-05 22:42:06]
[Info] no config setting key:about_title	 [2016-01-05 22:42:06]
[Info] no config setting key:about	 [2016-01-05 22:42:06]
[Info] no config setting key:front_title	 [2016-01-05 22:42:06]
[Info] no config setting key:footer	 [2016-01-05 22:42:06]
[Info] no config setting key:front_title_logo	 [2016-01-05 22:42:07]
[Info] no config setting key:blog-title	 [2016-01-05 22:42:07]
[Info] no config setting key:blog-title-small	 [2016-01-05 22:42:07]
[Info] no config setting key:about_title	 [2016-01-05 22:42:07]
[Info] no config setting key:about	 [2016-01-05 22:42:07]
[Info] no config setting key:front_title	 [2016-01-05 22:42:07]
[Info] no config setting key:footer	 [2016-01-05 22:42:07]
[Info] no config setting key:front_title_logo	 [2016-01-05 22:42:07]
[Info] no config setting key:blog-title	 [2016-01-05 22:42:07]
[Info] no config setting key:blog-title-small	 [2016-01-05 22:42:07]
[Info] no config setting key:about_title	 [2016-01-05 22:42:07]
[Info] no config setting key:about	 [2016-01-05 22:42:07]
[Info] no config setting key:front_title	 [2016-01-05 22:42:07]
[Info] no config setting key:footer	 [2016-01-05 22:42:07]
[Info] no config setting key:front_title_logo	 [2016-01-05 22:42:47]
[Info] no config setting key:blog-title	 [2016-01-05 22:42:47]
[Info] no config setting key:blog-title-small	 [2016-01-05 22:42:47]
[Info] no config setting key:about_title	 [2016-01-05 22:42:47]
[Info] no config setting key:about	 [2016-01-05 22:42:47]
[Info] no config setting key:front_title	 [2016-01-05 22:42:47]
[Info] no config setting key:footer	 [2016-01-05 22:42:47]
[Info] no config setting key:front_title_logo	 [2016-01-05 22:43:20]
[Info] no config setting key:blog-title	 [2016-01-05 22:43:20]
[Info] no config setting key:blog-title-small	 [2016-01-05 22:43:20]
[Info] no config setting key:about_title	 [2016-01-05 22:43:20]
[Info] no config setting key:about	 [2016-01-05 22:43:20]
[Info] no config setting key:front_title	 [2016-01-05 22:43:20]
[Info] no config setting key:footer	 [2016-01-05 22:43:20]
[Info] no config setting key:front_title_logo	 [2016-01-05 22:44:17]
[Info] no config setting key:blog-title	 [2016-01-05 22:44:17]
[Info] no config setting key:blog-title-small	 [2016-01-05 22:44:17]
[Info] no config setting key:about_title	 [2016-01-05 22:44:17]
[Info] no config setting key:about	 [2016-01-05 22:44:17]
[Info] no config setting key:front_title	 [2016-01-05 22:44:17]
[Info] no config setting key:footer	 [2016-01-05 22:44:17]
[Info] no config setting key:front_title_logo	 [2016-01-05 22:44:29]
[Info] no config setting key:blog-title	 [2016-01-05 22:44:29]
[Info] no config setting key:blog-title-small	 [2016-01-05 22:44:29]
[Info] no config setting key:about_title	 [2016-01-05 22:44:29]
[Info] no config setting key:about	 [2016-01-05 22:44:29]
[Info] no config setting key:front_title	 [2016-01-05 22:44:29]
[Info] no config setting key:footer	 [2016-01-05 22:44:29]
[Info] no config setting key:front_title_logo	 [2016-01-05 22:44:48]
[Info] no config setting key:blog-title	 [2016-01-05 22:44:48]
[Info] no config setting key:blog-title-small	 [2016-01-05 22:44:48]
[Info] no config setting key:about_title	 [2016-01-05 22:44:48]
[Info] no config setting key:about	 [2016-01-05 22:44:48]
[Info] no config setting key:front_title	 [2016-01-05 22:44:48]
[Info] no config setting key:footer	 [2016-01-05 22:44:48]
[Info] no config setting key:front_title_logo	 [2016-01-05 22:44:56]
[Info] no config setting key:blog-title	 [2016-01-05 22:44:56]
[Info] no config setting key:blog-title-small	 [2016-01-05 22:44:56]
[Info] no config setting key:about_title	 [2016-01-05 22:44:56]
[Info] no config setting key:about	 [2016-01-05 22:44:56]
[Info] no config setting key:front_title	 [2016-01-05 22:44:56]
[Info] no config setting key:footer	 [2016-01-05 22:44:56]
[Info] no config setting key:front_title_logo	 [2016-01-05 22:45:00]
[Info] no config setting key:blog-title	 [2016-01-05 22:45:00]
[Info] no config setting key:blog-title-small	 [2016-01-05 22:45:00]
[Info] no config setting key:about_title	 [2016-01-05 22:45:00]
[Info] no config setting key:about	 [2016-01-05 22:45:00]
[Info] no config setting key:front_title	 [2016-01-05 22:45:00]
[Info] no config setting key:footer	 [2016-01-05 22:45:00]
[Info] no config setting key:front_title_logo	 [2016-01-05 22:45:02]
[Info] no config setting key:blog-title	 [2016-01-05 22:45:02]
[Info] no config setting key:blog-title-small	 [2016-01-05 22:45:02]
[Info] no config setting key:about_title	 [2016-01-05 22:45:02]
[Info] no config setting key:about	 [2016-01-05 22:45:02]
[Info] no config setting key:front_title	 [2016-01-05 22:45:02]
[Info] no config setting key:footer	 [2016-01-05 22:45:02]
[Info] no config setting key:front_title_logo	 [2016-01-05 22:45:16]
[Info] no config setting key:front_title	 [2016-01-05 22:45:16]
[Info] no config setting key:footer	 [2016-01-05 22:45:16]
[Info] no config setting key:front_title_logo	 [2016-01-05 22:45:17]
[Info] no config setting key:front_title	 [2016-01-05 22:45:17]
[Info] no config setting key:footer	 [2016-01-05 22:45:17]
[Info] no config setting key:front_title_logo	 [2016-01-05 22:45:18]
[Info] no config setting key:front_title	 [2016-01-05 22:45:18]
[Info] no config setting key:footer	 [2016-01-05 22:45:18]
[Info] no config setting key:front_title_logo	 [2016-01-05 22:45:19]
[Info] no config setting key:blog-title-small	 [2016-01-05 22:45:19]
[Info] no config setting key:front_title	 [2016-01-05 22:45:19]
[Info] no config setting key:footer	 [2016-01-05 22:45:19]
[Info] no config setting key:front_title_logo	 [2016-01-05 22:45:20]
[Info] no config setting key:blog-title	 [2016-01-05 22:45:20]
[Info] no config setting key:blog-title-small	 [2016-01-05 22:45:20]
[Info] no config setting key:front_title	 [2016-01-05 22:45:20]
[Info] no config setting key:footer	 [2016-01-05 22:45:20]
[Info] no config setting key:front_title_logo	 [2016-01-05 22:45:22]
[Info] no config setting key:blog-title-small	 [2016-01-05 22:45:22]
[Info] no config setting key:front_title	 [2016-01-05 22:45:22]
[Info] no config setting key:footer	 [2016-01-05 22:45:22]
[Info] no config setting key:front_title_logo	 [2016-01-05 22:45:23]
[Info] no config setting key:front_title	 [2016-01-05 22:45:23]
[Info] no config setting key:footer	 [2016-01-05 22:45:23]
[Info] no config setting key:front_title_logo	 [2016-01-05 22:45:24]
[Info] no config setting key:front_title	 [2016-01-05 22:45:24]
[Info] no config setting key:footer	 [2016-01-05 22:45:24]
[Info] no config setting key:front_title_logo	 [2016-01-05 22:45:25]
[Info] no config setting key:front_title	 [2016-01-05 22:45:25]
[Info] no config setting key:footer	 [2016-01-05 22:45:25]
[Info] no config setting key:front_title_logo	 [2016-01-05 22:45:26]
[Info] no config setting key:blog-title	 [2016-01-05 22:45:26]
[Info] no config setting key:blog-title-small	 [2016-01-05 22:45:26]
[Info] no config setting key:about_title	 [2016-01-05 22:45:26]
[Info] no config setting key:about	 [2016-01-05 22:45:26]
[Info] no config setting key:front_title	 [2016-01-05 22:45:26]
[Info] no config setting key:footer	 [2016-01-05 22:45:26]
[Info] no config setting key:front_title_logo	 [2016-01-05 22:45:27]
[Info] no config setting key:front_title	 [2016-01-05 22:45:27]
[Info] no config setting key:footer	 [2016-01-05 22:45:27]
[Info] no config setting key:front_title_logo	 [2016-01-05 22:45:28]
[Info] no config setting key:blog-title-small	 [2016-01-05 22:45:28]
[Info] no config setting key:front_title	 [2016-01-05 22:45:28]
[Info] no config setting key:footer	 [2016-01-05 22:45:28]
[Info] no config setting key:front_title_logo	 [2016-01-05 22:45:29]
[Info] no config setting key:blog-title	 [2016-01-05 22:45:29]
[Info] no config setting key:blog-title-small	 [2016-01-05 22:45:29]
[Info] no config setting key:front_title	 [2016-01-05 22:45:29]
[Info] no config setting key:footer	 [2016-01-05 22:45:29]
[Info] no config setting key:front_title_logo	 [2016-01-05 22:45:30]
[Info] no config setting key:blog-title-small	 [2016-01-05 22:45:30]
[Info] no config setting key:front_title	 [2016-01-05 22:45:30]
[Info] no config setting key:footer	 [2016-01-05 22:45:30]
[Info] no config setting key:front_title_logo	 [2016-01-05 22:45:31]
[Info] no config setting key:front_title	 [2016-01-05 22:45:31]
[Info] no config setting key:footer	 [2016-01-05 22:45:31]
[Info] no config setting key:front_title_logo	 [2016-01-05 22:45:32]
[Info] no config setting key:front_title	 [2016-01-05 22:45:32]
[Info] no config setting key:footer	 [2016-01-05 22:45:32]
[Info] no config setting key:front_title_logo	 [2016-01-05 22:46:52]
[Info] no config setting key:front_title	 [2016-01-05 22:46:52]
[Info] no config setting key:footer	 [2016-01-05 22:46:52]
[Info] no config setting key:front_title_logo	 [2016-01-05 22:47:04]
[Info] no config setting key:front_title	 [2016-01-05 22:47:04]
[Info] no config setting key:footer	 [2016-01-05 22:47:04]
[Info] no config setting key:front_title_logo	 [2016-01-05 22:47:05]
[Info] no config setting key:front_title	 [2016-01-05 22:47:05]
[Info] no config setting key:footer	 [2016-01-05 22:47:05]
[Info] no config setting key:front_title_logo	 [2016-01-05 22:48:11]
[Info] no config setting key:front_title	 [2016-01-05 22:48:11]
[Info] no config setting key:footer	 [2016-01-05 22:48:11]
[Info] no config setting key:front_title_logo	 [2016-01-05 22:48:38]
[Info] no config setting key:front_title	 [2016-01-05 22:48:38]
[Info] no config setting key:footer	 [2016-01-05 22:48:38]
[Info] no config setting key:front_title	 [2016-01-05 22:48:54]
[Info] no config setting key:footer	 [2016-01-05 22:48:54]
[Info] no config setting key:front_title	 [2016-01-05 22:49:03]
[Info] no config setting key:footer	 [2016-01-05 22:49:03]
[Info] no config setting key:front_title	 [2016-01-05 22:49:12]
[Info] no config setting key:footer	 [2016-01-05 22:49:12]
[Info] no config setting key:front_title	 [2016-01-05 22:49:18]
[Info] no config setting key:footer	 [2016-01-05 22:49:18]
[Info] no config setting key:front_title	 [2016-01-05 22:49:20]
[Info] no config setting key:footer	 [2016-01-05 22:49:20]
[Info] no config setting key:front_title	 [2016-01-05 22:49:24]
[Info] no config setting key:footer	 [2016-01-05 22:49:24]
[Info] no config setting key:front_title	 [2016-01-05 22:49:55]
[Info] no config setting key:footer	 [2016-01-05 22:49:55]
[Info] no config setting key:front_title	 [2016-01-05 22:50:08]
[Info] no config setting key:footer	 [2016-01-05 22:50:08]
[Info] no config setting key:front_title	 [2016-01-05 22:50:10]
[Info] no config setting key:footer	 [2016-01-05 22:50:10]
[Info] no config setting key:front_title	 [2016-01-05 22:50:16]
[Info] no config setting key:footer	 [2016-01-05 22:50:16]
[Info] no config setting key:front_title	 [2016-01-05 22:50:17]
[Info] no config setting key:footer	 [2016-01-05 22:50:17]
[Info] no config setting key:front_title	 [2016-01-05 22:50:49]
[Info] no config setting key:footer	 [2016-01-05 22:50:49]
[Info] no config setting key:front_title_logo	 [2016-01-05 22:51:07]
[Info] no config setting key:front_title	 [2016-01-05 22:51:07]
[Info] no config setting key:footer	 [2016-01-05 22:51:07]
[Info] no config setting key:front_title_logo	 [2016-01-05 22:51:19]
[Info] no config setting key:front_title	 [2016-01-05 22:51:19]
[Info] no config setting key:footer	 [2016-01-05 22:51:19]
[Info] no config setting key:front_title_logo	 [2016-01-05 22:51:35]
[Info] no config setting key:front_title	 [2016-01-05 22:51:35]
[Info] no config setting key:footer	 [2016-01-05 22:51:35]
[Info] no config setting key:front_title_logo	 [2016-01-05 22:51:37]
[Info] no config setting key:front_title	 [2016-01-05 22:51:37]
[Info] no config setting key:footer	 [2016-01-05 22:51:37]
[Info] no config setting key:front_title_logo	 [2016-01-05 22:51:37]
[Info] no config setting key:blog-title-small	 [2016-01-05 22:51:37]
[Info] no config setting key:front_title	 [2016-01-05 22:51:37]
[Info] no config setting key:footer	 [2016-01-05 22:51:37]
[Info] no config setting key:front_title_logo	 [2016-01-05 22:51:38]
[Info] no config setting key:blog-title	 [2016-01-05 22:51:38]
[Info] no config setting key:blog-title-small	 [2016-01-05 22:51:38]
[Info] no config setting key:front_title	 [2016-01-05 22:51:38]
[Info] no config setting key:footer	 [2016-01-05 22:51:38]
[Info] no config setting key:front_title_logo	 [2016-01-05 22:51:39]
[Info] no config setting key:front_title	 [2016-01-05 22:51:39]
[Info] no config setting key:footer	 [2016-01-05 22:51:39]
[Info] no config setting key:front_title_logo	 [2016-01-05 22:51:41]
[Info] no config setting key:front_title	 [2016-01-05 22:51:41]
[Info] no config setting key:footer	 [2016-01-05 22:51:41]
[Info] no config setting key:front_title_logo	 [2016-01-05 22:51:42]
[Info] no config setting key:front_title	 [2016-01-05 22:51:42]
[Info] no config setting key:footer	 [2016-01-05 22:51:42]
[Info] no config setting key:front_title_logo	 [2016-01-05 22:51:43]
[Info] no config setting key:front_title	 [2016-01-05 22:51:43]
[Info] no config setting key:footer	 [2016-01-05 22:51:43]
[Info] no config setting key:front_title_logo	 [2016-01-05 22:51:44]
[Info] no config setting key:blog-title	 [2016-01-05 22:51:44]
[Info] no config setting key:blog-title-small	 [2016-01-05 22:51:44]
[Info] no config setting key:about_title	 [2016-01-05 22:51:44]
[Info] no config setting key:about	 [2016-01-05 22:51:44]
[Info] no config setting key:front_title	 [2016-01-05 22:51:44]
[Info] no config setting key:footer	 [2016-01-05 22:51:44]
[Info] no config setting key:front_title_logo	 [2016-01-05 22:51:45]
[Info] no config setting key:front_title	 [2016-01-05 22:51:45]
[Info] no config setting key:footer	 [2016-01-05 22:51:45]
[Info] no config setting key:front_title_logo	 [2016-01-05 22:51:45]
[Info] no config setting key:blog-title	 [2016-01-05 22:51:45]
[Info] no config setting key:blog-title-small	 [2016-01-05 22:51:45]
[Info] no config setting key:about_title	 [2016-01-05 22:51:45]
[Info] no config setting key:about	 [2016-01-05 22:51:45]
[Info] no config setting key:front_title	 [2016-01-05 22:51:45]
[Info] no config setting key:footer	 [2016-01-05 22:51:45]
[Info] no config setting key:front_title_logo	 [2016-01-05 22:52:17]
[Info] no config setting key:blog-title	 [2016-01-05 22:52:17]
[Info] no config setting key:blog-title-small	 [2016-01-05 22:52:17]
[Info] no config setting key:about_title	 [2016-01-05 22:52:17]
[Info] no config setting key:about	 [2016-01-05 22:52:17]
[Info] no config setting key:front_title	 [2016-01-05 22:52:17]
[Info] no config setting key:footer	 [2016-01-05 22:52:17]
[Info] no config setting key:front_title_logo	 [2016-01-05 22:52:45]
[Info] no config setting key:blog-title	 [2016-01-05 22:52:45]
[Info] no config setting key:blog-title-small	 [2016-01-05 22:52:45]
[Info] no config setting key:about_title	 [2016-01-05 22:52:45]
[Info] no config setting key:about	 [2016-01-05 22:52:45]
[Info] no config setting key:front_title	 [2016-01-05 22:52:45]
[Info] no config setting key:footer	 [2016-01-05 22:52:45]
[Info] no config setting key:front_title_logo	 [2016-01-05 22:52:54]
[Info] no config setting key:blog-title	 [2016-01-05 22:52:54]
[Info] no config setting key:blog-title-small	 [2016-01-05 22:52:54]
[Info] no config setting key:about_title	 [2016-01-05 22:52:54]
[Info] no config setting key:about	 [2016-01-05 22:52:54]
[Info] no config setting key:front_title	 [2016-01-05 22:52:54]
[Info] no config setting key:footer	 [2016-01-05 22:52:54]
[Info] no config setting key:front_title_logo	 [2016-01-05 22:53:06]
[Info] no config setting key:blog-title	 [2016-01-05 22:53:06]
[Info] no config setting key:blog-title-small	 [2016-01-05 22:53:06]
[Info] no config setting key:about_title	 [2016-01-05 22:53:06]
[Info] no config setting key:about	 [2016-01-05 22:53:06]
[Info] no config setting key:front_title	 [2016-01-05 22:53:06]
[Info] no config setting key:footer	 [2016-01-05 22:53:06]
[Info] no config setting key:front_title_logo	 [2016-01-05 22:53:11]
[Info] no config setting key:front_title	 [2016-01-05 22:53:11]
[Info] no config setting key:footer	 [2016-01-05 22:53:11]
[Info] no config setting key:front_title_logo	 [2016-01-05 22:53:18]
[Info] no config setting key:front_title	 [2016-01-05 22:53:18]
[Info] no config setting key:footer	 [2016-01-05 22:53:18]
[Info] no config setting key:front_title_logo	 [2016-01-05 22:53:20]
[Info] no config setting key:front_title	 [2016-01-05 22:53:20]
[Info] no config setting key:footer	 [2016-01-05 22:53:20]
[Info] no config setting key:front_title_logo	 [2016-01-05 22:54:02]
[Info] no config setting key:front_title	 [2016-01-05 22:54:02]
[Info] no config setting key:footer	 [2016-01-05 22:54:02]
[Info] no config setting key:front_title_logo	 [2016-01-05 22:54:03]
[Info] no config setting key:front_title	 [2016-01-05 22:54:03]
[Info] no config setting key:footer	 [2016-01-05 22:54:03]
[Info] no config setting key:front_title_logo	 [2016-01-05 22:54:29]
[Info] no config setting key:front_title	 [2016-01-05 22:54:29]
[Info] no config setting key:footer	 [2016-01-05 22:54:29]
[Info] no config setting key:front_title_logo	 [2016-01-05 22:57:36]
[Info] no config setting key:front_title	 [2016-01-05 22:57:36]
[Info] no config setting key:footer	 [2016-01-05 22:57:36]
[Info] no config setting key:front_title_logo	 [2016-01-05 22:57:42]
[Info] no config setting key:front_title	 [2016-01-05 22:57:42]
[Info] no config setting key:footer	 [2016-01-05 22:57:42]
[Info] no config setting key:front_title_logo	 [2016-01-05 22:59:16]
[Info] no config setting key:front_title_logo	 [2016-01-05 22:59:16]
[Info] no config setting key:front_title	 [2016-01-05 22:59:16]
[Info] no config setting key:footer	 [2016-01-05 22:59:16]
[Info] no config setting key:front_title_logo	 [2016-01-05 22:59:39]
[Info] no config setting key:front_title_logo	 [2016-01-05 22:59:39]
[Info] no config setting key:front_title	 [2016-01-05 22:59:39]
[Info] no config setting key:footer	 [2016-01-05 22:59:39]
