[Info] no config setting key:front_title_logo	 [2016-01-05 23:00:05]
[Info] no config setting key:front_title	 [2016-01-05 23:00:05]
[Info] no config setting key:footer	 [2016-01-05 23:00:05]
[Info] no config setting key:front_title_logo	 [2016-01-05 23:00:06]
[Info] no config setting key:front_title	 [2016-01-05 23:00:06]
[Info] no config setting key:footer	 [2016-01-05 23:00:06]
[Info] no config setting key:front_title_logo	 [2016-01-05 23:00:14]
[Info] no config setting key:blog-title-small	 [2016-01-05 23:00:14]
[Info] no config setting key:front_title	 [2016-01-05 23:00:14]
[Info] no config setting key:footer	 [2016-01-05 23:00:14]
[Info] no config setting key:front_title_logo	 [2016-01-05 23:00:17]
[Info] no config setting key:front_title	 [2016-01-05 23:00:17]
[Info] no config setting key:footer	 [2016-01-05 23:00:17]
[Info] no config setting key:front_title_logo	 [2016-01-05 23:01:18]
[Info] no config setting key:front_title	 [2016-01-05 23:01:18]
[Info] no config setting key:footer	 [2016-01-05 23:01:18]
[Info] no config setting key:front_title_logo	 [2016-01-05 23:01:19]
[Info] no config setting key:front_title	 [2016-01-05 23:01:19]
[Info] no config setting key:footer	 [2016-01-05 23:01:19]
[Info] no config setting key:front_title_logo	 [2016-01-05 23:01:41]
[Info] no config setting key:front_title	 [2016-01-05 23:01:41]
[Info] no config setting key:footer	 [2016-01-05 23:01:41]
[Info] no config setting key:front_title_logo	 [2016-01-05 23:02:08]
[Info] no config setting key:front_title	 [2016-01-05 23:02:08]
[Info] no config setting key:footer	 [2016-01-05 23:02:08]
[Info] no config setting key:front_title_logo	 [2016-01-05 23:02:17]
[Info] no config setting key:front_title	 [2016-01-05 23:02:17]
[Info] no config setting key:footer	 [2016-01-05 23:02:17]
[Info] no config setting key:front_title_logo	 [2016-01-05 23:02:20]
[Info] no config setting key:front_title	 [2016-01-05 23:02:20]
[Info] no config setting key:footer	 [2016-01-05 23:02:20]
[Info] no config setting key:front_title_logo	 [2016-01-05 23:02:21]
[Info] no config setting key:blog-title-small	 [2016-01-05 23:02:21]
[Info] no config setting key:front_title	 [2016-01-05 23:02:21]
[Info] no config setting key:footer	 [2016-01-05 23:02:21]
[Info] no config setting key:front_title_logo	 [2016-01-05 23:02:22]
[Info] no config setting key:front_title	 [2016-01-05 23:02:22]
[Info] no config setting key:footer	 [2016-01-05 23:02:22]
[Info] no config setting key:front_title_logo	 [2016-01-05 23:02:23]
[Info] no config setting key:blog-title	 [2016-01-05 23:02:23]
[Info] no config setting key:blog-title-small	 [2016-01-05 23:02:23]
[Info] no config setting key:about_title	 [2016-01-05 23:02:23]
[Info] no config setting key:about	 [2016-01-05 23:02:23]
[Info] no config setting key:front_title	 [2016-01-05 23:02:23]
[Info] no config setting key:footer	 [2016-01-05 23:02:23]
[Info] no config setting key:front_title_logo	 [2016-01-05 23:02:32]
[Info] no config setting key:blog-title	 [2016-01-05 23:02:32]
[Info] no config setting key:blog-title-small	 [2016-01-05 23:02:32]
[Info] no config setting key:about_title	 [2016-01-05 23:02:32]
[Info] no config setting key:about	 [2016-01-05 23:02:32]
[Info] no config setting key:front_title	 [2016-01-05 23:02:32]
[Info] no config setting key:footer	 [2016-01-05 23:02:32]
[Info] no config setting key:front_title_logo	 [2016-01-05 23:02:43]
[Info] no config setting key:blog-title	 [2016-01-05 23:02:43]
[Info] no config setting key:blog-title-small	 [2016-01-05 23:02:43]
[Info] no config setting key:about_title	 [2016-01-05 23:02:43]
[Info] no config setting key:about	 [2016-01-05 23:02:43]
[Info] no config setting key:front_title	 [2016-01-05 23:02:43]
[Info] no config setting key:footer	 [2016-01-05 23:02:43]
[Info] no config setting key:front_title_logo	 [2016-01-05 23:03:29]
[Info] no config setting key:blog-title	 [2016-01-05 23:03:29]
[Info] no config setting key:blog-title-small	 [2016-01-05 23:03:29]
[Info] no config setting key:about_title	 [2016-01-05 23:03:29]
[Info] no config setting key:about	 [2016-01-05 23:03:29]
[Info] no config setting key:front_title	 [2016-01-05 23:03:29]
[Info] no config setting key:footer	 [2016-01-05 23:03:29]
[Info] no config setting key:front_title_logo	 [2016-01-05 23:04:06]
[Info] no config setting key:blog-title	 [2016-01-05 23:04:06]
[Info] no config setting key:blog-title-small	 [2016-01-05 23:04:06]
[Info] no config setting key:about_title	 [2016-01-05 23:04:06]
[Info] no config setting key:about	 [2016-01-05 23:04:06]
[Info] no config setting key:front_title	 [2016-01-05 23:04:06]
[Info] no config setting key:footer	 [2016-01-05 23:04:06]
[Info] no config setting key:front_title_logo	 [2016-01-05 23:06:12]
[Info] no config setting key:blog-title	 [2016-01-05 23:06:12]
[Info] no config setting key:blog-title-small	 [2016-01-05 23:06:12]
[Info] no config setting key:about_title	 [2016-01-05 23:06:12]
[Info] no config setting key:about	 [2016-01-05 23:06:12]
[Info] no config setting key:front_title	 [2016-01-05 23:06:12]
[Info] no config setting key:footer	 [2016-01-05 23:06:12]
[Info] no config setting key:front_title_logo	 [2016-01-05 23:06:22]
[Info] no config setting key:blog-title	 [2016-01-05 23:06:22]
[Info] no config setting key:blog-title-small	 [2016-01-05 23:06:22]
[Info] no config setting key:about_title	 [2016-01-05 23:06:22]
[Info] no config setting key:about	 [2016-01-05 23:06:22]
[Info] no config setting key:front_title	 [2016-01-05 23:06:22]
[Info] no config setting key:footer	 [2016-01-05 23:06:22]
[Info] no config setting key:front_title_logo	 [2016-01-05 23:06:55]
[Info] no config setting key:blog-title	 [2016-01-05 23:06:55]
[Info] no config setting key:blog-title-small	 [2016-01-05 23:06:55]
[Info] no config setting key:about_title	 [2016-01-05 23:06:55]
[Info] no config setting key:about	 [2016-01-05 23:06:55]
[Info] no config setting key:front_title	 [2016-01-05 23:06:55]
[Info] no config setting key:footer	 [2016-01-05 23:06:55]
[Info] no config setting key:front_title_logo	 [2016-01-05 23:08:59]
[Info] no config setting key:blog-title	 [2016-01-05 23:08:59]
[Info] no config setting key:blog-title-small	 [2016-01-05 23:08:59]
[Info] no config setting key:about_title	 [2016-01-05 23:08:59]
[Info] no config setting key:about	 [2016-01-05 23:08:59]
[Info] no config setting key:front_title	 [2016-01-05 23:08:59]
[Info] no config setting key:footer	 [2016-01-05 23:08:59]
[Info] no config setting key:front_title_logo	 [2016-01-05 23:10:16]
[Info] no config setting key:blog-title	 [2016-01-05 23:10:16]
[Info] no config setting key:blog-title-small	 [2016-01-05 23:10:16]
[Info] no config setting key:about_title	 [2016-01-05 23:10:16]
[Info] no config setting key:about	 [2016-01-05 23:10:16]
[Info] no config setting key:front_title	 [2016-01-05 23:10:16]
[Info] no config setting key:footer	 [2016-01-05 23:10:16]
[Info] no config setting key:front_title_logo	 [2016-01-05 23:10:57]
[Info] no config setting key:blog-title	 [2016-01-05 23:10:57]
[Info] no config setting key:blog-title-small	 [2016-01-05 23:10:57]
[Info] no config setting key:about_title	 [2016-01-05 23:10:57]
[Info] no config setting key:about	 [2016-01-05 23:10:57]
[Info] no config setting key:front_title	 [2016-01-05 23:10:57]
[Info] no config setting key:footer	 [2016-01-05 23:10:57]
[Info] no config setting key:front_title_logo	 [2016-01-05 23:11:35]
[Info] no config setting key:blog-title	 [2016-01-05 23:11:35]
[Info] no config setting key:blog-title-small	 [2016-01-05 23:11:35]
[Info] no config setting key:about_title	 [2016-01-05 23:11:35]
[Info] no config setting key:about	 [2016-01-05 23:11:35]
[Info] no config setting key:front_title	 [2016-01-05 23:11:35]
[Info] no config setting key:footer	 [2016-01-05 23:11:35]
[Info] no config setting key:front_title_logo	 [2016-01-05 23:11:47]
[Info] no config setting key:blog-title	 [2016-01-05 23:11:47]
[Info] no config setting key:blog-title-small	 [2016-01-05 23:11:47]
[Info] no config setting key:about_title	 [2016-01-05 23:11:47]
[Info] no config setting key:about	 [2016-01-05 23:11:47]
[Info] no config setting key:front_title	 [2016-01-05 23:11:47]
[Info] no config setting key:footer	 [2016-01-05 23:11:47]
[Info] no config setting key:front_title_logo	 [2016-01-05 23:11:56]
[Info] no config setting key:blog-title	 [2016-01-05 23:11:56]
[Info] no config setting key:blog-title-small	 [2016-01-05 23:11:56]
[Info] no config setting key:about_title	 [2016-01-05 23:11:56]
[Info] no config setting key:about	 [2016-01-05 23:11:56]
[Info] no config setting key:front_title	 [2016-01-05 23:11:56]
[Info] no config setting key:footer	 [2016-01-05 23:11:56]
[Info] no config setting key:front_title_logo	 [2016-01-05 23:13:22]
[Info] no config setting key:blog-title	 [2016-01-05 23:13:22]
[Info] no config setting key:blog-title-small	 [2016-01-05 23:13:22]
[Info] no config setting key:about_title	 [2016-01-05 23:13:22]
[Info] no config setting key:about	 [2016-01-05 23:13:22]
[Info] no config setting key:front_title	 [2016-01-05 23:13:22]
[Info] no config setting key:footer	 [2016-01-05 23:13:22]
[Info] no config setting key:front_title_logo	 [2016-01-05 23:13:26]
[Info] no config setting key:blog-title	 [2016-01-05 23:13:26]
[Info] no config setting key:blog-title-small	 [2016-01-05 23:13:26]
[Info] no config setting key:about_title	 [2016-01-05 23:13:26]
[Info] no config setting key:about	 [2016-01-05 23:13:26]
[Info] no config setting key:front_title	 [2016-01-05 23:13:26]
[Info] no config setting key:footer	 [2016-01-05 23:13:26]
[Info] no config setting key:front_title_logo	 [2016-01-05 23:13:37]
[Info] no config setting key:blog-title	 [2016-01-05 23:13:37]
[Info] no config setting key:blog-title-small	 [2016-01-05 23:13:37]
[Info] no config setting key:about_title	 [2016-01-05 23:13:37]
[Info] no config setting key:about	 [2016-01-05 23:13:37]
[Info] no config setting key:front_title	 [2016-01-05 23:13:37]
[Info] no config setting key:footer	 [2016-01-05 23:13:37]
[Info] no config setting key:front_title_logo	 [2016-01-05 23:14:38]
[Info] no config setting key:blog-title	 [2016-01-05 23:14:38]
[Info] no config setting key:blog-title-small	 [2016-01-05 23:14:38]
[Info] no config setting key:about_title	 [2016-01-05 23:14:38]
[Info] no config setting key:about	 [2016-01-05 23:14:38]
[Info] no config setting key:front_title	 [2016-01-05 23:14:38]
[Info] no config setting key:footer	 [2016-01-05 23:14:38]
[Info] no config setting key:front_title_logo	 [2016-01-05 23:14:54]
[Info] no config setting key:blog-title	 [2016-01-05 23:14:54]
[Info] no config setting key:blog-title-small	 [2016-01-05 23:14:54]
[Info] no config setting key:about_title	 [2016-01-05 23:14:54]
[Info] no config setting key:about	 [2016-01-05 23:14:54]
[Info] no config setting key:front_title	 [2016-01-05 23:14:54]
[Info] no config setting key:footer	 [2016-01-05 23:14:54]
[Info] no config setting key:front_title_logo	 [2016-01-05 23:15:31]
[Info] no config setting key:blog-title	 [2016-01-05 23:15:31]
[Info] no config setting key:blog-title-small	 [2016-01-05 23:15:31]
[Info] no config setting key:about_title	 [2016-01-05 23:15:31]
[Info] no config setting key:about	 [2016-01-05 23:15:31]
[Info] no config setting key:front_title	 [2016-01-05 23:15:31]
[Info] no config setting key:footer	 [2016-01-05 23:15:31]
