[Info] no config setting key:front_title_logo	 [2016-01-06 11:08:30]
[Info] no config setting key:blog-title	 [2016-01-06 11:08:30]
[Info] no config setting key:blog-title-small	 [2016-01-06 11:08:30]
[Info] no config setting key:about_title	 [2016-01-06 11:08:30]
[Info] no config setting key:about	 [2016-01-06 11:08:30]
[Info] no config setting key:front_title	 [2016-01-06 11:08:30]
[Info] no config setting key:footer	 [2016-01-06 11:08:30]
[Info] no config setting key:front_title_logo	 [2016-01-06 11:08:51]
[Info] no config setting key:blog-title	 [2016-01-06 11:08:51]
[Info] no config setting key:blog-title-small	 [2016-01-06 11:08:51]
[Info] no config setting key:about_title	 [2016-01-06 11:08:51]
[Info] no config setting key:about	 [2016-01-06 11:08:51]
[Info] no config setting key:front_title	 [2016-01-06 11:08:51]
[Info] no config setting key:front_title_logo	 [2016-01-06 11:08:58]
[Info] no config setting key:blog-title	 [2016-01-06 11:08:58]
[Info] no config setting key:blog-title-small	 [2016-01-06 11:08:58]
[Info] no config setting key:about_title	 [2016-01-06 11:08:58]
[Info] no config setting key:about	 [2016-01-06 11:08:58]
[Info] no config setting key:front_title	 [2016-01-06 11:08:58]
[Info] no config setting key:front_title_logo	 [2016-01-06 11:09:03]
[Info] no config setting key:blog-title	 [2016-01-06 11:09:03]
[Info] no config setting key:blog-title-small	 [2016-01-06 11:09:03]
[Info] no config setting key:about_title	 [2016-01-06 11:09:03]
[Info] no config setting key:about	 [2016-01-06 11:09:03]
[Info] no config setting key:front_title	 [2016-01-06 11:09:03]
[Info] no config setting key:front_title_logo	 [2016-01-06 11:09:04]
[Info] no config setting key:blog-title	 [2016-01-06 11:09:04]
[Info] no config setting key:blog-title-small	 [2016-01-06 11:09:04]
[Info] no config setting key:about_title	 [2016-01-06 11:09:04]
[Info] no config setting key:about	 [2016-01-06 11:09:04]
[Info] no config setting key:front_title	 [2016-01-06 11:09:04]
[Info] no config setting key:front_title_logo	 [2016-01-06 11:11:02]
[Info] no config setting key:blog-title	 [2016-01-06 11:11:02]
[Info] no config setting key:blog-title-small	 [2016-01-06 11:11:02]
[Info] no config setting key:about_title	 [2016-01-06 11:11:02]
[Info] no config setting key:about	 [2016-01-06 11:11:02]
[Info] no config setting key:front_title	 [2016-01-06 11:11:02]
[Info] no config setting key:front_title_logo	 [2016-01-06 11:11:32]
[Info] no config setting key:blog-title	 [2016-01-06 11:11:32]
[Info] no config setting key:blog-title-small	 [2016-01-06 11:11:32]
[Info] no config setting key:about_title	 [2016-01-06 11:11:32]
[Info] no config setting key:about	 [2016-01-06 11:11:32]
[Info] no config setting key:front_title	 [2016-01-06 11:11:32]
[Info] no config setting key:front_title_logo	 [2016-01-06 11:11:56]
[Info] no config setting key:blog-title-small	 [2016-01-06 11:11:56]
[Info] no config setting key:front_title	 [2016-01-06 11:11:56]
[Info] no config setting key:front_title_logo	 [2016-01-06 11:12:28]
[Info] no config setting key:blog-title	 [2016-01-06 11:12:28]
[Info] no config setting key:blog-title-small	 [2016-01-06 11:12:28]
[Info] no config setting key:front_title	 [2016-01-06 11:12:28]
[Info] no config setting key:front_title_logo	 [2016-01-06 11:26:49]
[Info] no config setting key:blog-title	 [2016-01-06 11:26:49]
[Info] no config setting key:blog-title-small	 [2016-01-06 11:26:49]
[Info] no config setting key:front_title	 [2016-01-06 11:26:49]
[Info] no config setting key:front_title_logo	 [2016-01-06 11:26:56]
[Info] no config setting key:blog-title	 [2016-01-06 11:26:56]
[Info] no config setting key:blog-title-small	 [2016-01-06 11:26:56]
[Info] no config setting key:front_title	 [2016-01-06 11:26:56]
[Info] no config setting key:front_title_logo	 [2016-01-06 11:26:59]
[Info] no config setting key:blog-title-small	 [2016-01-06 11:26:59]
[Info] no config setting key:front_title	 [2016-01-06 11:26:59]
[Info] no config setting key:front_title_logo	 [2016-01-06 11:26:59]
[Info] no config setting key:blog-title-small	 [2016-01-06 11:26:59]
[Info] no config setting key:front_title	 [2016-01-06 11:26:59]
[Info] no config setting key:front_title_logo	 [2016-01-06 11:27:04]
[Info] no config setting key:blog-title	 [2016-01-06 11:27:04]
[Info] no config setting key:blog-title-small	 [2016-01-06 11:27:04]
[Info] no config setting key:front_title	 [2016-01-06 11:27:04]
[Info] no config setting key:front_title_logo	 [2016-01-06 11:27:05]
[Info] no config setting key:blog-title-small	 [2016-01-06 11:27:05]
[Info] no config setting key:front_title	 [2016-01-06 11:27:05]
[Info] no config setting key:front_title_logo	 [2016-01-06 11:27:06]
[Info] no config setting key:blog-title	 [2016-01-06 11:27:06]
[Info] no config setting key:blog-title-small	 [2016-01-06 11:27:06]
[Info] no config setting key:front_title	 [2016-01-06 11:27:06]
[Info] no config setting key:front_title_logo	 [2016-01-06 11:27:57]
[Info] no config setting key:blog-title	 [2016-01-06 11:27:57]
[Info] no config setting key:blog-title-small	 [2016-01-06 11:27:57]
[Info] no config setting key:front_title	 [2016-01-06 11:27:57]
[Info] no config setting key:front_title_logo	 [2016-01-06 11:28:30]
[Info] no config setting key:blog-title	 [2016-01-06 11:28:30]
[Info] no config setting key:blog-title-small	 [2016-01-06 11:28:30]
[Info] no config setting key:front_title	 [2016-01-06 11:28:30]
[Info] no config setting key:front_title_logo	 [2016-01-06 11:29:00]
[Info] no config setting key:blog-title	 [2016-01-06 11:29:00]
[Info] no config setting key:blog-title-small	 [2016-01-06 11:29:00]
[Info] no config setting key:front_title	 [2016-01-06 11:29:00]
[Info] no config setting key:front_title_logo	 [2016-01-06 11:32:28]
[Info] no config setting key:blog-title	 [2016-01-06 11:32:28]
[Info] no config setting key:blog-title-small	 [2016-01-06 11:32:28]
[Info] no config setting key:front_title	 [2016-01-06 11:32:28]
[Info] no config setting key:front_title_logo	 [2016-01-06 11:32:38]
[Info] no config setting key:blog-title	 [2016-01-06 11:32:38]
[Info] no config setting key:blog-title-small	 [2016-01-06 11:32:38]
[Info] no config setting key:front_title	 [2016-01-06 11:32:38]
[Info] no config setting key:front_title_logo	 [2016-01-06 11:32:59]
[Info] no config setting key:blog-title	 [2016-01-06 11:32:59]
[Info] no config setting key:blog-title-small	 [2016-01-06 11:32:59]
[Info] no config setting key:front_title	 [2016-01-06 11:32:59]
[Info] no config setting key:front_title_logo	 [2016-01-06 11:33:14]
[Info] no config setting key:blog-title	 [2016-01-06 11:33:14]
[Info] no config setting key:blog-title-small	 [2016-01-06 11:33:14]
[Info] no config setting key:front_title	 [2016-01-06 11:33:14]
[Info] no config setting key:front_title_logo	 [2016-01-06 11:33:15]
[Info] no config setting key:blog-title	 [2016-01-06 11:33:15]
[Info] no config setting key:blog-title-small	 [2016-01-06 11:33:15]
[Info] no config setting key:front_title	 [2016-01-06 11:33:15]
[Info] no config setting key:front_title_logo	 [2016-01-06 11:33:24]
[Info] no config setting key:blog-title	 [2016-01-06 11:33:24]
[Info] no config setting key:blog-title-small	 [2016-01-06 11:33:24]
[Info] no config setting key:front_title	 [2016-01-06 11:33:24]
[Info] no config setting key:front_title_logo	 [2016-01-06 11:33:28]
[Info] no config setting key:blog-title	 [2016-01-06 11:33:28]
[Info] no config setting key:blog-title-small	 [2016-01-06 11:33:28]
[Info] no config setting key:front_title	 [2016-01-06 11:33:28]
[Info] no config setting key:front_title_logo	 [2016-01-06 11:33:33]
[Info] no config setting key:blog-title	 [2016-01-06 11:33:33]
[Info] no config setting key:blog-title-small	 [2016-01-06 11:33:33]
[Info] no config setting key:front_title	 [2016-01-06 11:33:33]
[Info] no config setting key:front_title_logo	 [2016-01-06 11:33:39]
[Info] no config setting key:blog-title	 [2016-01-06 11:33:39]
[Info] no config setting key:blog-title-small	 [2016-01-06 11:33:39]
[Info] no config setting key:front_title	 [2016-01-06 11:33:39]
[Info] no config setting key:front_title_logo	 [2016-01-06 11:34:09]
[Info] no config setting key:blog-title	 [2016-01-06 11:34:09]
[Info] no config setting key:blog-title-small	 [2016-01-06 11:34:09]
[Info] no config setting key:front_title	 [2016-01-06 11:34:09]
[Info] no config setting key:front_title_logo	 [2016-01-06 11:56:24]
[Info] no config setting key:blog-title	 [2016-01-06 11:56:24]
[Info] no config setting key:blog-title-small	 [2016-01-06 11:56:24]
[Info] no config setting key:front_title	 [2016-01-06 11:56:24]
[Info] no config setting key:front_title_logo	 [2016-01-06 11:56:25]
[Info] no config setting key:blog-title	 [2016-01-06 11:56:25]
[Info] no config setting key:blog-title-small	 [2016-01-06 11:56:25]
[Info] no config setting key:front_title	 [2016-01-06 11:56:25]
[Info] no config setting key:front_title_logo	 [2016-01-06 11:56:41]
[Info] no config setting key:blog-title	 [2016-01-06 11:56:41]
[Info] no config setting key:blog-title-small	 [2016-01-06 11:56:41]
[Info] no config setting key:front_title	 [2016-01-06 11:56:41]
[Info] no config setting key:front_title_logo	 [2016-01-06 11:56:48]
[Info] no config setting key:blog-title	 [2016-01-06 11:56:48]
[Info] no config setting key:blog-title-small	 [2016-01-06 11:56:48]
[Info] no config setting key:front_title	 [2016-01-06 11:56:48]
[Info] no config setting key:front_title_logo	 [2016-01-06 11:57:05]
[Info] no config setting key:blog-title	 [2016-01-06 11:57:05]
[Info] no config setting key:blog-title-small	 [2016-01-06 11:57:05]
[Info] no config setting key:front_title	 [2016-01-06 11:57:05]
