[Info] no config setting key:front_title_logo	 [2016-01-06 15:25:47]
[Info] no config setting key:blog-title	 [2016-01-06 15:25:47]
[Info] no config setting key:blog-title-small	 [2016-01-06 15:25:47]
[Info] no config setting key:about_title	 [2016-01-06 15:25:47]
[Info] no config setting key:about	 [2016-01-06 15:25:47]
[Info] no config setting key:front_title	 [2016-01-06 15:25:47]
[Info] no config setting key:front_title_logo	 [2016-01-06 15:26:34]
[Info] no config setting key:blog-title	 [2016-01-06 15:26:34]
[Info] no config setting key:blog-title-small	 [2016-01-06 15:26:34]
[Info] no config setting key:about_title	 [2016-01-06 15:26:34]
[Info] no config setting key:about	 [2016-01-06 15:26:34]
[Info] no config setting key:front_title	 [2016-01-06 15:26:34]
[Info] no config setting key:front_title_logo	 [2016-01-06 15:26:39]
[Info] no config setting key:blog-title	 [2016-01-06 15:26:39]
[Info] no config setting key:blog-title-small	 [2016-01-06 15:26:39]
[Info] no config setting key:about_title	 [2016-01-06 15:26:39]
[Info] no config setting key:about	 [2016-01-06 15:26:39]
[Info] no config setting key:front_title	 [2016-01-06 15:26:39]
[Info] no config setting key:front_title_logo	 [2016-01-06 15:26:59]
[Info] no config setting key:blog-title	 [2016-01-06 15:26:59]
[Info] no config setting key:blog-title-small	 [2016-01-06 15:26:59]
[Info] no config setting key:about_title	 [2016-01-06 15:26:59]
[Info] no config setting key:about	 [2016-01-06 15:26:59]
[Info] no config setting key:front_title	 [2016-01-06 15:26:59]
[Info] no config setting key:front_title_logo	 [2016-01-06 15:27:07]
[Info] no config setting key:blog-title	 [2016-01-06 15:27:07]
[Info] no config setting key:blog-title-small	 [2016-01-06 15:27:07]
[Info] no config setting key:about_title	 [2016-01-06 15:27:07]
[Info] no config setting key:about	 [2016-01-06 15:27:07]
[Info] no config setting key:front_title	 [2016-01-06 15:27:07]
[Info] no config setting key:front_title_logo	 [2016-01-06 15:27:43]
[Info] no config setting key:blog-title	 [2016-01-06 15:27:43]
[Info] no config setting key:blog-title-small	 [2016-01-06 15:27:43]
[Info] no config setting key:about_title	 [2016-01-06 15:27:43]
[Info] no config setting key:about	 [2016-01-06 15:27:43]
[Info] no config setting key:front_title	 [2016-01-06 15:27:43]
[Info] no config setting key:front_title_logo	 [2016-01-06 15:27:56]
[Info] no config setting key:blog-title	 [2016-01-06 15:27:56]
[Info] no config setting key:blog-title-small	 [2016-01-06 15:27:56]
[Info] no config setting key:about_title	 [2016-01-06 15:27:56]
[Info] no config setting key:about	 [2016-01-06 15:27:56]
[Info] no config setting key:front_title	 [2016-01-06 15:27:56]
