[Info] no config setting key:front_title_logo	 [2016-01-12 13:22:13]
[Info] no config setting key:blog-title	 [2016-01-12 13:22:13]
[Info] no config setting key:blog-title-small	 [2016-01-12 13:22:13]
[Info] no config setting key:about_title	 [2016-01-12 13:22:13]
[Info] no config setting key:about	 [2016-01-12 13:22:13]
[Info] no config setting key:front_title	 [2016-01-12 13:22:13]
[Info] no config setting key:front_title_logo	 [2016-01-12 13:22:13]
[Info] no config setting key:blog-title	 [2016-01-12 13:22:13]
[Info] no config setting key:blog-title-small	 [2016-01-12 13:22:13]
[Info] no config setting key:about_title	 [2016-01-12 13:22:13]
[Info] no config setting key:about	 [2016-01-12 13:22:13]
[Info] no config setting key:front_title	 [2016-01-12 13:22:13]
[Info] no config setting key:front_title_logo	 [2016-01-12 13:24:33]
[Info] no config setting key:blog-title	 [2016-01-12 13:24:33]
[Info] no config setting key:blog-title-small	 [2016-01-12 13:24:33]
[Info] no config setting key:about_title	 [2016-01-12 13:24:34]
[Info] no config setting key:about	 [2016-01-12 13:24:34]
[Info] no config setting key:front_title	 [2016-01-12 13:24:34]
[Info] no config setting key:front_title_logo	 [2016-01-12 13:24:49]
[Info] no config setting key:blog-title	 [2016-01-12 13:24:49]
[Info] no config setting key:blog-title-small	 [2016-01-12 13:24:49]
[Info] no config setting key:about_title	 [2016-01-12 13:24:49]
[Info] no config setting key:about	 [2016-01-12 13:24:49]
[Info] no config setting key:front_title	 [2016-01-12 13:24:49]
[Info] no config setting key:front_title_logo	 [2016-01-12 13:24:56]
[Info] no config setting key:blog-title	 [2016-01-12 13:24:56]
[Info] no config setting key:blog-title-small	 [2016-01-12 13:24:56]
[Info] no config setting key:about_title	 [2016-01-12 13:24:56]
[Info] no config setting key:about	 [2016-01-12 13:24:56]
[Info] no config setting key:front_title	 [2016-01-12 13:24:56]
[Info] no config setting key:front_title_logo	 [2016-01-12 13:25:03]
[Info] no config setting key:blog-title	 [2016-01-12 13:25:03]
[Info] no config setting key:blog-title-small	 [2016-01-12 13:25:03]
[Info] no config setting key:about_title	 [2016-01-12 13:25:03]
[Info] no config setting key:about	 [2016-01-12 13:25:03]
[Info] no config setting key:front_title	 [2016-01-12 13:25:03]
[Info] no config setting key:front_title_logo	 [2016-01-12 13:25:19]
[Info] no config setting key:blog-title	 [2016-01-12 13:25:19]
[Info] no config setting key:blog-title-small	 [2016-01-12 13:25:19]
[Info] no config setting key:about_title	 [2016-01-12 13:25:19]
[Info] no config setting key:about	 [2016-01-12 13:25:19]
[Info] no config setting key:front_title	 [2016-01-12 13:25:19]
[Info] no config setting key:front_title_logo	 [2016-01-12 13:26:12]
[Info] no config setting key:blog-title	 [2016-01-12 13:26:12]
[Info] no config setting key:blog-title-small	 [2016-01-12 13:26:12]
[Info] no config setting key:about_title	 [2016-01-12 13:26:12]
[Info] no config setting key:about	 [2016-01-12 13:26:12]
[Info] no config setting key:front_title	 [2016-01-12 13:26:12]
[Info] no config setting key:front_title_logo	 [2016-01-12 13:26:24]
[Info] no config setting key:blog-title	 [2016-01-12 13:26:24]
[Info] no config setting key:blog-title-small	 [2016-01-12 13:26:24]
[Info] no config setting key:about_title	 [2016-01-12 13:26:24]
[Info] no config setting key:about	 [2016-01-12 13:26:24]
[Info] no config setting key:front_title	 [2016-01-12 13:26:24]
[Info] no config setting key:front_title_logo	 [2016-01-12 13:26:38]
[Info] no config setting key:blog-title	 [2016-01-12 13:26:38]
[Info] no config setting key:blog-title-small	 [2016-01-12 13:26:38]
[Info] no config setting key:about_title	 [2016-01-12 13:26:38]
[Info] no config setting key:about	 [2016-01-12 13:26:38]
[Info] no config setting key:front_title	 [2016-01-12 13:26:38]
[Info] no config setting key:front_title_logo	 [2016-01-12 13:26:39]
[Info] no config setting key:blog-title	 [2016-01-12 13:26:39]
[Info] no config setting key:blog-title-small	 [2016-01-12 13:26:39]
[Info] no config setting key:about_title	 [2016-01-12 13:26:39]
[Info] no config setting key:about	 [2016-01-12 13:26:39]
[Info] no config setting key:front_title	 [2016-01-12 13:26:39]
[Info] no config setting key:front_title_logo	 [2016-01-12 13:27:49]
[Info] no config setting key:blog-title	 [2016-01-12 13:27:49]
[Info] no config setting key:blog-title-small	 [2016-01-12 13:27:49]
[Info] no config setting key:about_title	 [2016-01-12 13:27:49]
[Info] no config setting key:about	 [2016-01-12 13:27:49]
[Info] no config setting key:front_title	 [2016-01-12 13:27:49]
[Info] no config setting key:front_title_logo	 [2016-01-12 13:27:51]
[Info] no config setting key:blog-title	 [2016-01-12 13:27:51]
[Info] no config setting key:blog-title-small	 [2016-01-12 13:27:51]
[Info] no config setting key:about_title	 [2016-01-12 13:27:51]
[Info] no config setting key:about	 [2016-01-12 13:27:51]
[Info] no config setting key:front_title	 [2016-01-12 13:27:51]
[Info] no config setting key:front_title_logo	 [2016-01-12 13:33:52]
[Info] no config setting key:blog-title	 [2016-01-12 13:33:52]
[Info] no config setting key:blog-title-small	 [2016-01-12 13:33:52]
[Info] no config setting key:about_title	 [2016-01-12 13:33:52]
[Info] no config setting key:about	 [2016-01-12 13:33:52]
[Info] no config setting key:front_title	 [2016-01-12 13:33:52]
[Info] no config setting key:front_title_logo	 [2016-01-12 13:33:55]
[Info] no config setting key:blog-title	 [2016-01-12 13:33:55]
[Info] no config setting key:blog-title-small	 [2016-01-12 13:33:55]
[Info] no config setting key:about_title	 [2016-01-12 13:33:55]
[Info] no config setting key:about	 [2016-01-12 13:33:55]
[Info] no config setting key:front_title	 [2016-01-12 13:33:55]
[Info] no config setting key:front_title_logo	 [2016-01-12 13:34:00]
[Info] no config setting key:blog-title-small	 [2016-01-12 13:34:00]
[Info] no config setting key:front_title	 [2016-01-12 13:34:00]
[Info] no config setting key:front_title_logo	 [2016-01-12 13:34:03]
[Info] no config setting key:blog-title	 [2016-01-12 13:34:03]
[Info] no config setting key:blog-title-small	 [2016-01-12 13:34:03]
[Info] no config setting key:front_title	 [2016-01-12 13:34:03]
[Info] no config setting key:front_title_logo	 [2016-01-12 13:34:06]
[Info] no config setting key:blog-title	 [2016-01-12 13:34:06]
[Info] no config setting key:blog-title-small	 [2016-01-12 13:34:06]
[Info] no config setting key:about_title	 [2016-01-12 13:34:06]
[Info] no config setting key:about	 [2016-01-12 13:34:06]
[Info] no config setting key:front_title	 [2016-01-12 13:34:06]
[Info] no config setting key:front_title_logo	 [2016-01-12 13:34:06]
[Info] no config setting key:front_title	 [2016-01-12 13:34:06]
[Info] no config setting key:front_title_logo	 [2016-01-12 13:34:07]
[Info] no config setting key:front_title	 [2016-01-12 13:34:07]
[Info] no config setting key:front_title_logo	 [2016-01-12 13:34:08]
[Info] no config setting key:blog-title	 [2016-01-12 13:34:08]
[Info] no config setting key:blog-title-small	 [2016-01-12 13:34:08]
[Info] no config setting key:about_title	 [2016-01-12 13:34:08]
[Info] no config setting key:about	 [2016-01-12 13:34:08]
[Info] no config setting key:front_title	 [2016-01-12 13:34:08]
[Info] no config setting key:front_title_logo	 [2016-01-12 13:53:36]
[Info] no config setting key:blog-title	 [2016-01-12 13:53:36]
[Info] no config setting key:blog-title-small	 [2016-01-12 13:53:36]
[Info] no config setting key:about_title	 [2016-01-12 13:53:36]
[Info] no config setting key:about	 [2016-01-12 13:53:36]
[Info] no config setting key:front_title	 [2016-01-12 13:53:36]
