[Info] no config setting key:front_title_logo	 [2016-01-12 22:13:12]
[Info] no config setting key:blog-title	 [2016-01-12 22:13:12]
[Info] no config setting key:blog-title-small	 [2016-01-12 22:13:12]
[Info] no config setting key:about_title	 [2016-01-12 22:13:12]
[Info] no config setting key:about	 [2016-01-12 22:13:12]
[Info] no config setting key:front_title	 [2016-01-12 22:13:12]
[Info] no config setting key:front_title_logo	 [2016-01-12 22:13:12]
[Info] no config setting key:blog-title	 [2016-01-12 22:13:12]
[Info] no config setting key:blog-title-small	 [2016-01-12 22:13:12]
[Info] no config setting key:about_title	 [2016-01-12 22:13:12]
[Info] no config setting key:about	 [2016-01-12 22:13:12]
[Info] no config setting key:front_title	 [2016-01-12 22:13:12]
[Info] no config setting key:admin_minify	 [2016-01-12 22:13:15]
[Info] no config setting key:admin_theme	 [2016-01-12 22:13:15]
[Info] no config setting key:admin_title	 [2016-01-12 22:13:15]
[Info] no config setting key:admin_title	 [2016-01-12 22:13:15]
[Info] no config setting key:admin_theme	 [2016-01-12 22:13:15]
[Info] no config setting key:admin_theme	 [2016-01-12 22:13:15]
[Info] no config setting key:admin_minify	 [2016-01-12 22:13:16]
[Info] no config setting key:admin_theme	 [2016-01-12 22:13:16]
[Info] no config setting key:admin_title	 [2016-01-12 22:13:16]
[Info] no config setting key:admin_title	 [2016-01-12 22:13:16]
[Info] no config setting key:admin_theme	 [2016-01-12 22:13:16]
[Info] no config setting key:admin_theme	 [2016-01-12 22:13:16]
[Info] no config setting key:admin_minify	 [2016-01-12 22:13:18]
[Info] no config setting key:admin_theme	 [2016-01-12 22:13:18]
[Info] no config setting key:admin_title	 [2016-01-12 22:13:18]
[Info] no config setting key:admin_title	 [2016-01-12 22:13:18]
[Info] no config setting key:admin_theme	 [2016-01-12 22:13:18]
[Info] no config setting key:admin_theme	 [2016-01-12 22:13:18]
[Info] no config setting key:admin_minify	 [2016-01-12 22:13:19]
[Info] no config setting key:admin_theme	 [2016-01-12 22:13:19]
[Info] no config setting key:admin_title	 [2016-01-12 22:13:19]
[Info] no config setting key:admin_title	 [2016-01-12 22:13:19]
[Info] no config setting key:admin_theme	 [2016-01-12 22:13:19]
[Info] no config setting key:admin_theme	 [2016-01-12 22:13:19]
[Info] no config setting key:admin_minify	 [2016-01-12 22:13:19]
[Info] no config setting key:admin_theme	 [2016-01-12 22:13:19]
[Info] no config setting key:admin_title	 [2016-01-12 22:13:19]
[Info] no config setting key:admin_title	 [2016-01-12 22:13:19]
[Info] no config setting key:admin_theme	 [2016-01-12 22:13:19]
[Info] no config setting key:admin_theme	 [2016-01-12 22:13:19]
[Info] no config setting key:admin_minify	 [2016-01-12 22:13:21]
[Info] no config setting key:admin_theme	 [2016-01-12 22:13:21]
[Info] no config setting key:admin_minify	 [2016-01-12 22:13:27]
[Info] no config setting key:admin_theme	 [2016-01-12 22:13:27]
[Info] no config setting key:admin_minify	 [2016-01-12 22:13:28]
[Info] no config setting key:admin_theme	 [2016-01-12 22:13:28]
[Info] no config setting key:admin_title	 [2016-01-12 22:13:28]
[Info] no config setting key:admin_title	 [2016-01-12 22:13:28]
[Info] no config setting key:admin_theme	 [2016-01-12 22:13:28]
[Info] no config setting key:admin_theme	 [2016-01-12 22:13:28]
[Info] no config setting key:admin_minify	 [2016-01-12 22:13:35]
[Info] no config setting key:admin_theme	 [2016-01-12 22:13:35]
[Info] no config setting key:admin_title	 [2016-01-12 22:13:35]
[Info] no config setting key:admin_title	 [2016-01-12 22:13:35]
[Info] no config setting key:admin_theme	 [2016-01-12 22:13:35]
[Info] no config setting key:admin_theme	 [2016-01-12 22:13:35]
[Info] no config setting key:admin_minify	 [2016-01-12 22:13:36]
[Info] no config setting key:admin_theme	 [2016-01-12 22:13:36]
[Info] no config setting key:admin_title	 [2016-01-12 22:13:36]
[Info] no config setting key:admin_title	 [2016-01-12 22:13:36]
[Info] no config setting key:admin_theme	 [2016-01-12 22:13:36]
[Info] no config setting key:admin_theme	 [2016-01-12 22:13:36]
[Info] no config setting key:admin_minify	 [2016-01-12 22:13:41]
[Info] no config setting key:admin_theme	 [2016-01-12 22:13:41]
[Info] no config setting key:admin_title	 [2016-01-12 22:13:41]
[Info] no config setting key:admin_title	 [2016-01-12 22:13:41]
[Info] no config setting key:admin_theme	 [2016-01-12 22:13:41]
[Info] no config setting key:admin_theme	 [2016-01-12 22:13:41]
[Info] no config setting key:admin_minify	 [2016-01-12 22:13:44]
[Info] no config setting key:admin_theme	 [2016-01-12 22:13:44]
[Info] no config setting key:admin_title	 [2016-01-12 22:13:45]
[Info] no config setting key:admin_title	 [2016-01-12 22:13:45]
[Info] no config setting key:admin_theme	 [2016-01-12 22:13:45]
[Info] no config setting key:admin_theme	 [2016-01-12 22:13:45]
[Info] no config setting key:admin_minify	 [2016-01-12 22:13:50]
[Info] no config setting key:admin_theme	 [2016-01-12 22:13:50]
[System] /Library/WebServer/Documents/mongo/mongodump -h 127.0.0.1 -d aaa -o  /Library/WebServer/Documents/www/codeing/taijiquan/data/2016-01-12-22-13-50	 [2016-01-12 22:13:50]
[Info] no config setting key:admin_minify	 [2016-01-12 22:13:50]
[Info] no config setting key:admin_theme	 [2016-01-12 22:13:50]
[Info] no config setting key:admin_title	 [2016-01-12 22:13:50]
[Info] no config setting key:admin_title	 [2016-01-12 22:13:50]
[Info] no config setting key:admin_theme	 [2016-01-12 22:13:50]
[Info] no config setting key:admin_theme	 [2016-01-12 22:13:50]
[Info] no config setting key:admin_minify	 [2016-01-12 22:13:52]
[Info] no config setting key:admin_theme	 [2016-01-12 22:13:52]
[Info] no config setting key:admin_title	 [2016-01-12 22:13:52]
[Info] no config setting key:admin_title	 [2016-01-12 22:13:52]
[Info] no config setting key:admin_theme	 [2016-01-12 22:13:52]
[Info] no config setting key:admin_theme	 [2016-01-12 22:13:52]
[Info] no config setting key:admin_minify	 [2016-01-12 22:13:54]
[Info] no config setting key:admin_theme	 [2016-01-12 22:13:54]
[Info] no config setting key:admin_title	 [2016-01-12 22:13:54]
[Info] no config setting key:admin_title	 [2016-01-12 22:13:54]
[Info] no config setting key:admin_theme	 [2016-01-12 22:13:54]
[Info] no config setting key:admin_theme	 [2016-01-12 22:13:54]
[Info] no config setting key:admin_minify	 [2016-01-12 22:13:55]
[Info] no config setting key:admin_theme	 [2016-01-12 22:13:55]
[System] /Library/WebServer/Documents/mongo/mongodump -h 127.0.0.1 -d aaa -o  /Library/WebServer/Documents/www/codeing/taijiquan/data/2016-01-12-22-13-55	 [2016-01-12 22:13:55]
[Info] no config setting key:admin_minify	 [2016-01-12 22:13:55]
[Info] no config setting key:admin_theme	 [2016-01-12 22:13:55]
[Info] no config setting key:admin_title	 [2016-01-12 22:13:55]
[Info] no config setting key:admin_title	 [2016-01-12 22:13:55]
[Info] no config setting key:admin_theme	 [2016-01-12 22:13:55]
[Info] no config setting key:admin_theme	 [2016-01-12 22:13:55]
[Info] no config setting key:admin_minify	 [2016-01-12 22:14:03]
[Info] no config setting key:admin_theme	 [2016-01-12 22:14:03]
[Info] no config setting key:admin_title	 [2016-01-12 22:14:03]
[Info] no config setting key:admin_title	 [2016-01-12 22:14:03]
[Info] no config setting key:admin_theme	 [2016-01-12 22:14:03]
[Info] no config setting key:admin_theme	 [2016-01-12 22:14:03]
[Info] no config setting key:admin_minify	 [2016-01-12 22:14:06]
[Info] no config setting key:admin_theme	 [2016-01-12 22:14:06]
[Info] no config setting key:admin_title	 [2016-01-12 22:14:06]
[Info] no config setting key:admin_title	 [2016-01-12 22:14:06]
[Info] no config setting key:admin_theme	 [2016-01-12 22:14:06]
[Info] no config setting key:admin_theme	 [2016-01-12 22:14:06]
[Info] no config setting key:admin_minify	 [2016-01-12 22:14:07]
[Info] no config setting key:admin_theme	 [2016-01-12 22:14:07]
[Info] no config setting key:admin_minify	 [2016-01-12 22:14:08]
[Info] no config setting key:admin_theme	 [2016-01-12 22:14:08]
[Info] no config setting key:admin_title	 [2016-01-12 22:14:08]
[Info] no config setting key:admin_title	 [2016-01-12 22:14:08]
[Info] no config setting key:admin_theme	 [2016-01-12 22:14:08]
[Info] no config setting key:admin_theme	 [2016-01-12 22:14:08]
[Info] no config setting key:admin_minify	 [2016-01-12 22:15:02]
[Info] no config setting key:admin_theme	 [2016-01-12 22:15:02]
[Info] no config setting key:admin_title	 [2016-01-12 22:15:02]
[Info] no config setting key:admin_title	 [2016-01-12 22:15:02]
[Info] no config setting key:admin_theme	 [2016-01-12 22:15:02]
[Info] no config setting key:admin_theme	 [2016-01-12 22:15:02]
[Info] no config setting key:admin_minify	 [2016-01-12 22:15:03]
[Info] no config setting key:admin_theme	 [2016-01-12 22:15:03]
[Info] no config setting key:admin_title	 [2016-01-12 22:15:03]
[Info] no config setting key:admin_title	 [2016-01-12 22:15:03]
[Info] no config setting key:admin_theme	 [2016-01-12 22:15:03]
[Info] no config setting key:admin_theme	 [2016-01-12 22:15:03]
[Info] no config setting key:admin_minify	 [2016-01-12 22:15:04]
[Info] no config setting key:admin_theme	 [2016-01-12 22:15:04]
[Info] no config setting key:admin_title	 [2016-01-12 22:15:04]
[Info] no config setting key:admin_title	 [2016-01-12 22:15:04]
[Info] no config setting key:admin_theme	 [2016-01-12 22:15:04]
[Info] no config setting key:admin_theme	 [2016-01-12 22:15:04]
[Info] no config setting key:admin_minify	 [2016-01-12 22:15:05]
[Info] no config setting key:admin_theme	 [2016-01-12 22:15:05]
[Info] no config setting key:admin_title	 [2016-01-12 22:15:05]
[Info] no config setting key:admin_title	 [2016-01-12 22:15:05]
[Info] no config setting key:admin_theme	 [2016-01-12 22:15:05]
[Info] no config setting key:admin_theme	 [2016-01-12 22:15:05]
[Info] no config setting key:admin_minify	 [2016-01-12 22:15:07]
[Info] no config setting key:admin_theme	 [2016-01-12 22:15:07]
[Info] no config setting key:admin_title	 [2016-01-12 22:15:07]
[Info] no config setting key:admin_title	 [2016-01-12 22:15:07]
[Info] no config setting key:admin_theme	 [2016-01-12 22:15:07]
[Info] no config setting key:admin_theme	 [2016-01-12 22:15:07]
[Info] no config setting key:admin_minify	 [2016-01-12 22:15:09]
[Info] no config setting key:admin_theme	 [2016-01-12 22:15:09]
[Info] no config setting key:admin_title	 [2016-01-12 22:15:09]
[Info] no config setting key:admin_title	 [2016-01-12 22:15:10]
[Info] no config setting key:admin_theme	 [2016-01-12 22:15:10]
[Info] no config setting key:admin_theme	 [2016-01-12 22:15:10]
[Info] no config setting key:admin_title	 [2016-01-12 22:15:10]
[Info] no config setting key:admin_title	 [2016-01-12 22:15:10]
[Info] no config setting key:admin_theme	 [2016-01-12 22:15:10]
[Info] no config setting key:admin_theme	 [2016-01-12 22:15:10]
[Info] no config setting key:admin_minify	 [2016-01-12 22:15:17]
[Info] no config setting key:admin_theme	 [2016-01-12 22:15:17]
[Info] no config setting key:admin_title	 [2016-01-12 22:15:17]
[Info] no config setting key:admin_title	 [2016-01-12 22:15:17]
[Info] no config setting key:admin_theme	 [2016-01-12 22:15:17]
[Info] no config setting key:admin_theme	 [2016-01-12 22:15:17]
[Info] no config setting key:front_title_logo	 [2016-01-12 22:15:50]
[Info] no config setting key:blog-title	 [2016-01-12 22:15:50]
[Info] no config setting key:blog-title-small	 [2016-01-12 22:15:50]
[Info] no config setting key:about_title	 [2016-01-12 22:15:50]
[Info] no config setting key:about	 [2016-01-12 22:15:50]
[Info] no config setting key:front_title	 [2016-01-12 22:15:50]
[Info] no config setting key:blog-title	 [2016-01-12 22:18:34]
[Info] no config setting key:blog-title-small	 [2016-01-12 22:18:34]
[Info] no config setting key:about_title	 [2016-01-12 22:18:34]
[Info] no config setting key:about	 [2016-01-12 22:18:34]
[Info] no config setting key:front_title	 [2016-01-12 22:18:34]
[Info] no config setting key:blog-title	 [2016-01-12 22:19:00]
[Info] no config setting key:blog-title-small	 [2016-01-12 22:19:00]
[Info] no config setting key:about_title	 [2016-01-12 22:19:01]
[Info] no config setting key:about	 [2016-01-12 22:19:01]
[Info] no config setting key:front_title	 [2016-01-12 22:19:01]
[Info] no config setting key:blog-title	 [2016-01-12 22:19:50]
[Info] no config setting key:blog-title-small	 [2016-01-12 22:19:50]
[Info] no config setting key:about_title	 [2016-01-12 22:19:50]
[Info] no config setting key:about	 [2016-01-12 22:19:50]
[Info] no config setting key:front_title	 [2016-01-12 22:19:50]
[Info] no config setting key:blog-title	 [2016-01-12 22:20:28]
[Info] no config setting key:blog-title-small	 [2016-01-12 22:20:28]
[Info] no config setting key:about_title	 [2016-01-12 22:20:28]
[Info] no config setting key:about	 [2016-01-12 22:20:28]
[Info] no config setting key:front_title	 [2016-01-12 22:20:28]
[Info] no config setting key:blog-title	 [2016-01-12 22:21:29]
[Info] no config setting key:blog-title-small	 [2016-01-12 22:21:29]
[Info] no config setting key:about_title	 [2016-01-12 22:21:29]
[Info] no config setting key:about	 [2016-01-12 22:21:29]
[Info] no config setting key:front_title	 [2016-01-12 22:21:29]
[Info] no config setting key:blog-title	 [2016-01-12 22:21:30]
[Info] no config setting key:blog-title-small	 [2016-01-12 22:21:30]
[Info] no config setting key:about_title	 [2016-01-12 22:21:30]
[Info] no config setting key:about	 [2016-01-12 22:21:30]
[Info] no config setting key:front_title	 [2016-01-12 22:21:30]
[Info] no config setting key:blog-title	 [2016-01-12 22:22:17]
[Info] no config setting key:blog-title-small	 [2016-01-12 22:22:17]
[Info] no config setting key:about_title	 [2016-01-12 22:22:17]
[Info] no config setting key:about	 [2016-01-12 22:22:17]
[Info] no config setting key:front_title	 [2016-01-12 22:22:17]
[Info] no config setting key:admin_minify	 [2016-01-12 22:22:24]
[Info] no config setting key:admin_theme	 [2016-01-12 22:22:24]
[Info] no config setting key:admin_title	 [2016-01-12 22:22:24]
[Info] no config setting key:admin_title	 [2016-01-12 22:22:24]
[Info] no config setting key:admin_theme	 [2016-01-12 22:22:24]
[Info] no config setting key:admin_theme	 [2016-01-12 22:22:24]
[Info] no config setting key:blog-title	 [2016-01-12 22:22:26]
[Info] no config setting key:blog-title-small	 [2016-01-12 22:22:26]
[Info] no config setting key:about_title	 [2016-01-12 22:22:26]
[Info] no config setting key:about	 [2016-01-12 22:22:26]
[Info] no config setting key:front_title	 [2016-01-12 22:22:26]
[Info] no config setting key:blog-title	 [2016-01-12 22:22:58]
[Info] no config setting key:blog-title-small	 [2016-01-12 22:22:58]
[Info] no config setting key:about_title	 [2016-01-12 22:22:58]
[Info] no config setting key:about	 [2016-01-12 22:22:58]
[Info] no config setting key:front_title	 [2016-01-12 22:22:58]
[Info] no config setting key:blog-title	 [2016-01-12 22:23:02]
[Info] no config setting key:blog-title-small	 [2016-01-12 22:23:02]
[Info] no config setting key:about_title	 [2016-01-12 22:23:02]
[Info] no config setting key:about	 [2016-01-12 22:23:02]
[Info] no config setting key:front_title	 [2016-01-12 22:23:02]
[Info] no config setting key:blog-title	 [2016-01-12 22:23:29]
[Info] no config setting key:blog-title-small	 [2016-01-12 22:23:29]
[Info] no config setting key:about_title	 [2016-01-12 22:23:29]
[Info] no config setting key:about	 [2016-01-12 22:23:29]
[Info] no config setting key:front_title	 [2016-01-12 22:23:29]
[Info] no config setting key:about_title	 [2016-01-12 22:24:28]
[Info] no config setting key:about	 [2016-01-12 22:24:28]
[Info] no config setting key:front_title	 [2016-01-12 22:24:28]
[Info] no config setting key:about_title	 [2016-01-12 22:26:09]
[Info] no config setting key:about	 [2016-01-12 22:26:09]
[Info] no config setting key:front_title	 [2016-01-12 22:26:09]
[Info] no config setting key:about_title	 [2016-01-12 22:26:19]
[Info] no config setting key:about	 [2016-01-12 22:26:19]
[Info] no config setting key:front_title	 [2016-01-12 22:26:19]
[Info] no config setting key:about_title	 [2016-01-12 22:26:38]
[Info] no config setting key:about	 [2016-01-12 22:26:38]
[Info] no config setting key:front_title	 [2016-01-12 22:26:38]
[Info] no config setting key:about_title	 [2016-01-12 22:26:45]
[Info] no config setting key:about	 [2016-01-12 22:26:45]
[Info] no config setting key:front_title	 [2016-01-12 22:26:45]
[Info] no config setting key:about_title	 [2016-01-12 22:32:39]
[Info] no config setting key:about	 [2016-01-12 22:32:39]
[Info] no config setting key:front_title	 [2016-01-12 22:32:39]
[Info] no config setting key:about_title	 [2016-01-12 22:32:53]
[Info] no config setting key:about	 [2016-01-12 22:32:53]
[Info] no config setting key:front_title	 [2016-01-12 22:32:53]
[Info] no config setting key:about_title	 [2016-01-12 22:33:19]
[Info] no config setting key:about	 [2016-01-12 22:33:19]
[Info] no config setting key:front_title	 [2016-01-12 22:33:19]
[Info] no config setting key:about_title	 [2016-01-12 22:33:26]
[Info] no config setting key:about	 [2016-01-12 22:33:26]
[Info] no config setting key:front_title	 [2016-01-12 22:33:26]
[Info] no config setting key:about_title	 [2016-01-12 22:34:45]
[Info] no config setting key:about	 [2016-01-12 22:34:45]
[Info] no config setting key:front_title	 [2016-01-12 22:34:45]
[Info] no config setting key:about_title	 [2016-01-12 22:34:47]
[Info] no config setting key:about	 [2016-01-12 22:34:47]
[Info] no config setting key:front_title	 [2016-01-12 22:34:47]
[Info] no config setting key:about_title	 [2016-01-12 22:35:17]
[Info] no config setting key:about	 [2016-01-12 22:35:17]
[Info] no config setting key:front_title	 [2016-01-12 22:35:17]
[Info] no config setting key:about_title	 [2016-01-12 22:35:34]
[Info] no config setting key:about	 [2016-01-12 22:35:34]
[Info] no config setting key:front_title	 [2016-01-12 22:35:34]
[Info] no config setting key:about_title	 [2016-01-12 22:35:48]
[Info] no config setting key:about	 [2016-01-12 22:35:48]
[Info] no config setting key:front_title	 [2016-01-12 22:35:48]
[Info] no config setting key:about_title	 [2016-01-12 22:36:46]
[Info] no config setting key:about	 [2016-01-12 22:36:46]
[Info] no config setting key:front_title	 [2016-01-12 22:36:46]
[Info] no config setting key:about_title	 [2016-01-12 22:37:00]
[Info] no config setting key:about	 [2016-01-12 22:37:00]
[Info] no config setting key:front_title	 [2016-01-12 22:37:00]
[Info] no config setting key:about_title	 [2016-01-12 22:37:09]
[Info] no config setting key:about	 [2016-01-12 22:37:09]
[Info] no config setting key:front_title	 [2016-01-12 22:37:09]
[Info] no config setting key:about_title	 [2016-01-12 22:38:06]
[Info] no config setting key:about	 [2016-01-12 22:38:06]
[Info] no config setting key:front_title	 [2016-01-12 22:38:06]
[Info] no config setting key:about_title	 [2016-01-12 22:39:46]
[Info] no config setting key:about	 [2016-01-12 22:39:46]
[Info] no config setting key:front_title	 [2016-01-12 22:39:46]
[Info] no config setting key:about_title	 [2016-01-12 22:40:29]
[Info] no config setting key:about	 [2016-01-12 22:40:29]
[Info] no config setting key:front_title	 [2016-01-12 22:40:29]
[Info] no config setting key:about_title	 [2016-01-12 22:40:35]
[Info] no config setting key:about	 [2016-01-12 22:40:35]
[Info] no config setting key:front_title	 [2016-01-12 22:40:35]
[Info] no config setting key:about_title	 [2016-01-12 22:42:08]
[Info] no config setting key:about	 [2016-01-12 22:42:08]
[Info] no config setting key:front_title	 [2016-01-12 22:42:08]
[Info] no config setting key:about_title	 [2016-01-12 22:42:12]
[Info] no config setting key:about	 [2016-01-12 22:42:12]
[Info] no config setting key:front_title	 [2016-01-12 22:42:12]
[Info] no config setting key:about_title	 [2016-01-12 22:42:20]
[Info] no config setting key:about	 [2016-01-12 22:42:20]
[Info] no config setting key:front_title	 [2016-01-12 22:42:20]
[Info] no config setting key:about_title	 [2016-01-12 22:43:06]
[Info] no config setting key:about	 [2016-01-12 22:43:06]
[Info] no config setting key:front_title	 [2016-01-12 22:43:06]
[Info] no config setting key:about_title	 [2016-01-12 22:43:34]
[Info] no config setting key:about	 [2016-01-12 22:43:34]
[Info] no config setting key:front_title	 [2016-01-12 22:43:34]
[Info] no config setting key:about_title	 [2016-01-12 22:43:44]
[Info] no config setting key:about	 [2016-01-12 22:43:44]
[Info] no config setting key:front_title	 [2016-01-12 22:43:44]
[Info] no config setting key:about_title	 [2016-01-12 22:44:13]
[Info] no config setting key:about	 [2016-01-12 22:44:13]
[Info] no config setting key:front_title	 [2016-01-12 22:44:13]
[Info] no config setting key:front_title	 [2016-01-12 22:45:35]
[Info] no config setting key:front_title	 [2016-01-12 22:45:53]
[Info] no config setting key:front_title	 [2016-01-12 22:45:57]
[Info] no config setting key:front_title	 [2016-01-12 22:46:12]
[Info] no config setting key:front_title	 [2016-01-12 22:46:28]
[Info] no config setting key:front_title	 [2016-01-12 22:48:26]
[Info] no config setting key:front_title	 [2016-01-12 22:50:49]
[Info] no config setting key:front_title	 [2016-01-12 22:50:54]
[Info] no config setting key:front_title	 [2016-01-12 22:50:56]
[Info] no config setting key:front_title	 [2016-01-12 22:50:59]
[Info] no config setting key:front_title	 [2016-01-12 22:51:31]
[Info] no config setting key:front_title	 [2016-01-12 22:51:35]
[Info] no config setting key:front_title	 [2016-01-12 22:51:51]
[Info] no config setting key:about_title	 [2016-01-12 22:52:01]
[Info] no config setting key:about	 [2016-01-12 22:52:01]
[Info] no config setting key:front_title	 [2016-01-12 22:52:01]
[Info] no config setting key:front_title	 [2016-01-12 22:52:19]
[Info] no config setting key:front_title	 [2016-01-12 22:53:50]
[Info] no config setting key:front_title	 [2016-01-12 22:53:54]
[Info] no config setting key:front_title	 [2016-01-12 22:55:29]
[Info] no config setting key:front_title	 [2016-01-12 22:55:41]
[Info] no config setting key:front_title	 [2016-01-12 22:55:42]
[Info] no config setting key:front_title	 [2016-01-12 22:56:32]
[Info] no config setting key:front_title	 [2016-01-12 22:56:41]
[Info] no config setting key:front_title	 [2016-01-12 22:57:11]
[Info] no config setting key:front_title	 [2016-01-12 22:57:44]
[Info] no config setting key:front_title	 [2016-01-12 22:58:15]
[Info] no config setting key:front_title	 [2016-01-12 22:58:47]
[Info] no config setting key:front_title	 [2016-01-12 22:59:17]
[Info] no config setting key:front_title	 [2016-01-12 22:59:19]
