[Info] no config setting key:front_title	 [2016-01-14 11:20:26]
[Info] no config setting key:front_title_logo	 [2016-01-14 11:20:26]
[Info] no config setting key:front_title	 [2016-01-14 11:20:28]
[Info] no config setting key:front_title_logo	 [2016-01-14 11:20:28]
[Info] no config setting key:front_title	 [2016-01-14 11:20:30]
[Info] no config setting key:front_title_logo	 [2016-01-14 11:20:30]
[Info] no config setting key:front_title	 [2016-01-14 11:21:00]
[Info] no config setting key:front_title_logo	 [2016-01-14 11:21:00]
[Info] no config setting key:front_title	 [2016-01-14 11:21:50]
[Info] no config setting key:front_title_logo	 [2016-01-14 11:21:50]
[Info] no config setting key:front_title	 [2016-01-14 11:21:52]
[Info] no config setting key:front_title_logo	 [2016-01-14 11:21:52]
[Info] no config setting key:front_title	 [2016-01-14 11:22:08]
[Info] no config setting key:front_title_logo	 [2016-01-14 11:22:08]
[Info] no config setting key:admin_minify	 [2016-01-14 11:22:20]
[Info] no config setting key:admin_theme	 [2016-01-14 11:22:20]
[Info] no config setting key:admin_title	 [2016-01-14 11:22:20]
[Info] no config setting key:admin_title	 [2016-01-14 11:22:20]
[Info] no config setting key:admin_theme	 [2016-01-14 11:22:20]
[Info] no config setting key:admin_theme	 [2016-01-14 11:22:20]
[Info] no config setting key:front_title	 [2016-01-14 11:22:28]
[Info] no config setting key:front_title_logo	 [2016-01-14 11:22:28]
[Info] no config setting key:front_title	 [2016-01-14 11:22:30]
[Info] no config setting key:front_title_logo	 [2016-01-14 11:22:30]
[Info] no config setting key:front_title	 [2016-01-14 11:22:32]
[Info] no config setting key:front_title_logo	 [2016-01-14 11:22:32]
[Info] no config setting key:front_title	 [2016-01-14 11:22:40]
[Info] no config setting key:front_title_logo	 [2016-01-14 11:22:40]
[Info] no config setting key:front_title	 [2016-01-14 11:23:03]
[Info] no config setting key:front_title_logo	 [2016-01-14 11:23:03]
[Info] no config setting key:front_title	 [2016-01-14 11:23:08]
[Info] no config setting key:front_title_logo	 [2016-01-14 11:23:08]
[Info] no config setting key:front_title	 [2016-01-14 11:23:12]
[Info] no config setting key:front_title_logo	 [2016-01-14 11:23:12]
[Info] no config setting key:front_title	 [2016-01-14 11:24:12]
[Info] no config setting key:front_title_logo	 [2016-01-14 11:24:12]
[Info] no config setting key:front_title	 [2016-01-14 11:24:38]
[Info] no config setting key:front_title_logo	 [2016-01-14 11:24:38]
[Info] no config setting key:front_title	 [2016-01-14 11:24:59]
[Info] no config setting key:front_title_logo	 [2016-01-14 11:24:59]
[Info] no config setting key:front_title	 [2016-01-14 11:25:13]
[Info] no config setting key:front_title_logo	 [2016-01-14 11:25:13]
[Info] no config setting key:front_title	 [2016-01-14 11:25:25]
[Info] no config setting key:front_title_logo	 [2016-01-14 11:25:25]
[Info] no config setting key:front_title	 [2016-01-14 11:25:47]
[Info] no config setting key:front_title_logo	 [2016-01-14 11:25:47]
[Info] no config setting key:front_title	 [2016-01-14 11:25:50]
[Info] no config setting key:front_title_logo	 [2016-01-14 11:25:50]
[Info] no config setting key:front_title	 [2016-01-14 11:26:55]
[Info] no config setting key:front_title_logo	 [2016-01-14 11:26:55]
[Info] no config setting key:front_title	 [2016-01-14 11:26:57]
[Info] no config setting key:front_title_logo	 [2016-01-14 11:26:57]
[Info] no config setting key:front_title	 [2016-01-14 11:27:01]
[Info] no config setting key:front_title_logo	 [2016-01-14 11:27:01]
[Info] no config setting key:front_title	 [2016-01-14 11:27:26]
[Info] no config setting key:front_title_logo	 [2016-01-14 11:27:26]
[Info] no config setting key:front_title	 [2016-01-14 11:27:27]
[Info] no config setting key:front_title_logo	 [2016-01-14 11:27:27]
[Info] no config setting key:front_title	 [2016-01-14 11:27:47]
[Info] no config setting key:front_title_logo	 [2016-01-14 11:27:47]
[Info] no config setting key:front_title	 [2016-01-14 11:27:49]
[Info] no config setting key:front_title_logo	 [2016-01-14 11:27:49]
[Info] no config setting key:front_title	 [2016-01-14 11:29:49]
[Info] no config setting key:front_title_logo	 [2016-01-14 11:29:49]
[Info] no config setting key:front_title	 [2016-01-14 11:30:00]
[Info] no config setting key:front_title_logo	 [2016-01-14 11:30:00]
[Info] no config setting key:front_title	 [2016-01-14 11:30:02]
[Info] no config setting key:front_title_logo	 [2016-01-14 11:30:02]
[Info] no config setting key:front_title	 [2016-01-14 11:30:57]
[Info] no config setting key:front_title_logo	 [2016-01-14 11:30:57]
[Info] no config setting key:front_title	 [2016-01-14 11:31:02]
[Info] no config setting key:front_title_logo	 [2016-01-14 11:31:02]
[Info] no config setting key:front_title	 [2016-01-14 11:31:04]
[Info] no config setting key:front_title_logo	 [2016-01-14 11:31:04]
[Info] no config setting key:front_title	 [2016-01-14 11:31:06]
[Info] no config setting key:front_title_logo	 [2016-01-14 11:31:06]
[Info] no config setting key:front_title	 [2016-01-14 11:31:09]
[Info] no config setting key:front_title_logo	 [2016-01-14 11:31:09]
[Info] no config setting key:front_title	 [2016-01-14 11:31:10]
[Info] no config setting key:front_title_logo	 [2016-01-14 11:31:10]
[Info] no config setting key:front_title	 [2016-01-14 11:31:12]
[Info] no config setting key:front_title_logo	 [2016-01-14 11:31:12]
[Info] no config setting key:front_title	 [2016-01-14 11:33:36]
[Info] no config setting key:front_title_logo	 [2016-01-14 11:33:36]
[Info] no config setting key:front_title	 [2016-01-14 11:33:38]
[Info] no config setting key:front_title_logo	 [2016-01-14 11:33:38]
[Info] no config setting key:front_title	 [2016-01-14 11:33:40]
[Info] no config setting key:front_title_logo	 [2016-01-14 11:33:40]
[Info] no config setting key:front_title	 [2016-01-14 11:33:53]
[Info] no config setting key:front_title_logo	 [2016-01-14 11:33:53]
[Info] no config setting key:front_title	 [2016-01-14 11:33:55]
[Info] no config setting key:front_title_logo	 [2016-01-14 11:33:55]
[Info] no config setting key:front_title	 [2016-01-14 11:33:59]
[Info] no config setting key:front_title_logo	 [2016-01-14 11:33:59]
[Info] no config setting key:front_title	 [2016-01-14 11:34:00]
[Info] no config setting key:front_title_logo	 [2016-01-14 11:34:00]
[Info] no config setting key:front_title	 [2016-01-14 11:34:23]
[Info] no config setting key:front_title_logo	 [2016-01-14 11:34:23]
[Info] no config setting key:front_title	 [2016-01-14 11:34:40]
[Info] no config setting key:front_title_logo	 [2016-01-14 11:34:40]
[Info] no config setting key:front_title	 [2016-01-14 11:34:46]
[Info] no config setting key:front_title_logo	 [2016-01-14 11:34:46]
[Info] no config setting key:front_title	 [2016-01-14 11:34:47]
[Info] no config setting key:front_title_logo	 [2016-01-14 11:34:47]
[Info] no config setting key:front_title	 [2016-01-14 11:34:58]
[Info] no config setting key:front_title_logo	 [2016-01-14 11:34:58]
[Info] no config setting key:front_title	 [2016-01-14 11:35:02]
[Info] no config setting key:front_title_logo	 [2016-01-14 11:35:02]
[Info] no config setting key:front_title	 [2016-01-14 11:35:54]
[Info] no config setting key:front_title_logo	 [2016-01-14 11:35:54]
[Info] no config setting key:front_title	 [2016-01-14 11:35:55]
[Info] no config setting key:front_title_logo	 [2016-01-14 11:35:55]
[Info] no config setting key:front_title	 [2016-01-14 11:38:02]
[Info] no config setting key:front_title_logo	 [2016-01-14 11:38:02]
[Info] no config setting key:front_title	 [2016-01-14 11:38:03]
[Info] no config setting key:front_title_logo	 [2016-01-14 11:38:03]
[Info] no config setting key:front_title	 [2016-01-14 11:38:06]
[Info] no config setting key:front_title_logo	 [2016-01-14 11:38:06]
[Info] no config setting key:front_title	 [2016-01-14 11:38:12]
[Info] no config setting key:front_title_logo	 [2016-01-14 11:38:12]
[Info] no config setting key:front_title	 [2016-01-14 11:38:17]
[Info] no config setting key:front_title_logo	 [2016-01-14 11:38:17]
[Info] no config setting key:front_title	 [2016-01-14 11:42:17]
[Info] no config setting key:front_title_logo	 [2016-01-14 11:42:17]
[Info] no config setting key:front_title	 [2016-01-14 11:42:18]
[Info] no config setting key:front_title_logo	 [2016-01-14 11:42:18]
[Info] no config setting key:front_title	 [2016-01-14 11:42:21]
[Info] no config setting key:front_title_logo	 [2016-01-14 11:42:21]
[Info] no config setting key:front_title	 [2016-01-14 11:42:54]
[Info] no config setting key:front_title_logo	 [2016-01-14 11:42:54]
[Info] no config setting key:front_title	 [2016-01-14 11:42:55]
[Info] no config setting key:front_title_logo	 [2016-01-14 11:42:55]
[Info] no config setting key:front_title	 [2016-01-14 11:43:17]
[Info] no config setting key:front_title_logo	 [2016-01-14 11:43:17]
[Info] no config setting key:front_title	 [2016-01-14 11:43:18]
[Info] no config setting key:front_title_logo	 [2016-01-14 11:43:18]
[Info] no config setting key:front_title	 [2016-01-14 11:44:08]
[Info] no config setting key:front_title_logo	 [2016-01-14 11:44:08]
[Info] no config setting key:front_title	 [2016-01-14 11:44:16]
[Info] no config setting key:front_title_logo	 [2016-01-14 11:44:16]
[Info] no config setting key:front_title	 [2016-01-14 11:44:38]
[Info] no config setting key:front_title_logo	 [2016-01-14 11:44:38]
[Info] no config setting key:front_title	 [2016-01-14 11:45:19]
[Info] no config setting key:front_title_logo	 [2016-01-14 11:45:19]
[Info] no config setting key:front_title	 [2016-01-14 11:45:56]
[Info] no config setting key:front_title_logo	 [2016-01-14 11:45:56]
[Info] no config setting key:front_title	 [2016-01-14 11:46:18]
[Info] no config setting key:front_title_logo	 [2016-01-14 11:46:18]
[Info] no config setting key:front_title	 [2016-01-14 11:46:33]
[Info] no config setting key:front_title_logo	 [2016-01-14 11:46:33]
[Info] no config setting key:front_title	 [2016-01-14 11:46:47]
[Info] no config setting key:front_title_logo	 [2016-01-14 11:46:47]
[Info] no config setting key:front_title	 [2016-01-14 11:47:26]
[Info] no config setting key:front_title_logo	 [2016-01-14 11:47:26]
[Info] no config setting key:front_title	 [2016-01-14 11:47:58]
[Info] no config setting key:front_title_logo	 [2016-01-14 11:47:58]
[Info] no config setting key:front_title	 [2016-01-14 11:48:12]
[Info] no config setting key:front_title_logo	 [2016-01-14 11:48:12]
[Info] no config setting key:front_title	 [2016-01-14 11:48:36]
[Info] no config setting key:front_title_logo	 [2016-01-14 11:48:36]
[Info] no config setting key:front_title	 [2016-01-14 11:51:14]
[Info] no config setting key:front_title_logo	 [2016-01-14 11:51:15]
[Info] no config setting key:front_title	 [2016-01-14 11:51:38]
[Info] no config setting key:front_title_logo	 [2016-01-14 11:51:38]
[Info] no config setting key:front_title	 [2016-01-14 11:51:47]
[Info] no config setting key:front_title_logo	 [2016-01-14 11:51:47]
[Info] no config setting key:front_title	 [2016-01-14 11:51:58]
[Info] no config setting key:front_title_logo	 [2016-01-14 11:51:58]
[Info] no config setting key:front_title	 [2016-01-14 11:52:00]
[Info] no config setting key:front_title_logo	 [2016-01-14 11:52:00]
[Info] no config setting key:front_title	 [2016-01-14 11:52:01]
[Info] no config setting key:front_title_logo	 [2016-01-14 11:52:01]
[Info] no config setting key:front_title	 [2016-01-14 11:52:51]
[Info] no config setting key:front_title_logo	 [2016-01-14 11:52:51]
[Info] no config setting key:front_title	 [2016-01-14 11:52:53]
[Info] no config setting key:front_title_logo	 [2016-01-14 11:52:53]
[Info] no config setting key:front_title	 [2016-01-14 11:52:54]
[Info] no config setting key:front_title_logo	 [2016-01-14 11:52:54]
