[Info] no config setting key:front_title	 [2016-01-17 07:58:14]
[Info] no config setting key:front_title_logo	 [2016-01-17 07:58:14]
[Info] no config setting key:front_title	 [2016-01-17 07:58:17]
[Info] no config setting key:front_title_logo	 [2016-01-17 07:58:17]
[Info] no config setting key:front_title	 [2016-01-17 07:58:19]
[Info] no config setting key:front_title_logo	 [2016-01-17 07:58:19]
[Info] no config setting key:front_title	 [2016-01-17 07:58:25]
[Info] no config setting key:front_title_logo	 [2016-01-17 07:58:25]
[Info] no config setting key:front_title	 [2016-01-17 07:58:27]
[Info] no config setting key:front_title_logo	 [2016-01-17 07:58:27]
[Info] no config setting key:front_title	 [2016-01-17 07:58:35]
[Info] no config setting key:front_title_logo	 [2016-01-17 07:58:35]
[Info] no config setting key:admin_minify	 [2016-01-17 07:58:55]
[Info] no config setting key:admin_theme	 [2016-01-17 07:58:55]
[Info] no config setting key:admin_title	 [2016-01-17 07:58:55]
[Info] no config setting key:admin_title	 [2016-01-17 07:58:55]
[Info] no config setting key:admin_theme	 [2016-01-17 07:58:55]
[Info] no config setting key:admin_theme	 [2016-01-17 07:58:55]
[Info] no config setting key:admin_minify	 [2016-01-17 07:58:58]
[Info] no config setting key:admin_theme	 [2016-01-17 07:58:58]
[Info] no config setting key:admin_title	 [2016-01-17 07:58:58]
[Info] no config setting key:admin_title	 [2016-01-17 07:58:58]
[Info] no config setting key:admin_theme	 [2016-01-17 07:58:58]
[Info] no config setting key:admin_theme	 [2016-01-17 07:58:58]
