[Info] no config setting key:admin_minify	 [2016-01-17 09:00:16]
[Info] no config setting key:admin_theme	 [2016-01-17 09:00:16]
[Info] no config setting key:admin_title	 [2016-01-17 09:00:16]
[Info] no config setting key:admin_title	 [2016-01-17 09:00:16]
[Info] no config setting key:admin_theme	 [2016-01-17 09:00:16]
[Info] no config setting key:admin_theme	 [2016-01-17 09:00:16]
[Info] no config setting key:admin_minify	 [2016-01-17 09:00:17]
[Info] no config setting key:admin_theme	 [2016-01-17 09:00:17]
[Info] no config setting key:admin_minify	 [2016-01-17 09:01:15]
[Info] no config setting key:admin_theme	 [2016-01-17 09:01:15]
[Info] no config setting key:admin_title	 [2016-01-17 09:01:15]
[Info] no config setting key:admin_title	 [2016-01-17 09:01:15]
[Info] no config setting key:admin_theme	 [2016-01-17 09:01:15]
[Info] no config setting key:admin_theme	 [2016-01-17 09:01:15]
[Info] no config setting key:admin_minify	 [2016-01-17 09:02:02]
[Info] no config setting key:admin_theme	 [2016-01-17 09:02:02]
[Info] no config setting key:admin_title	 [2016-01-17 09:02:02]
[Info] no config setting key:admin_title	 [2016-01-17 09:02:02]
[Info] no config setting key:admin_theme	 [2016-01-17 09:02:02]
[Info] no config setting key:admin_theme	 [2016-01-17 09:02:02]
[Info] no config setting key:admin_minify	 [2016-01-17 09:02:05]
[Info] no config setting key:admin_theme	 [2016-01-17 09:02:05]
[Info] no config setting key:admin_minify	 [2016-01-17 09:02:09]
[Info] no config setting key:admin_theme	 [2016-01-17 09:02:09]
[Info] no config setting key:admin_title	 [2016-01-17 09:02:09]
[Info] no config setting key:admin_title	 [2016-01-17 09:02:09]
[Info] no config setting key:admin_theme	 [2016-01-17 09:02:09]
[Info] no config setting key:admin_theme	 [2016-01-17 09:02:09]
[Info] no config setting key:admin_minify	 [2016-01-17 09:02:13]
[Info] no config setting key:admin_theme	 [2016-01-17 09:02:13]
[Info] no config setting key:admin_minify	 [2016-01-17 09:02:22]
[Info] no config setting key:admin_theme	 [2016-01-17 09:02:22]
[Info] no config setting key:admin_minify	 [2016-01-17 09:02:53]
[Info] no config setting key:admin_theme	 [2016-01-17 09:02:53]
[Info] no config setting key:admin_title	 [2016-01-17 09:02:53]
[Info] no config setting key:admin_title	 [2016-01-17 09:02:53]
[Info] no config setting key:admin_theme	 [2016-01-17 09:02:53]
[Info] no config setting key:admin_theme	 [2016-01-17 09:02:53]
[Info] no config setting key:admin_minify	 [2016-01-17 09:02:55]
[Info] no config setting key:admin_theme	 [2016-01-17 09:02:55]
[Info] no config setting key:admin_minify	 [2016-01-17 09:02:59]
[Info] no config setting key:admin_theme	 [2016-01-17 09:02:59]
[System] Insert Collection: [video],Data:title=SDFSDF ,title2=<p>1111</p> ,status=1  IP: 127.0.0.1 User ID:567bb7681d9bda1b330041a8 UserName:admin	 [2016-01-17 09:02:59]
[Info] no config setting key:admin_minify	 [2016-01-17 09:03:10]
[Info] no config setting key:admin_theme	 [2016-01-17 09:03:10]
[Info] no config setting key:admin_title	 [2016-01-17 09:03:10]
[Info] no config setting key:admin_title	 [2016-01-17 09:03:10]
[Info] no config setting key:admin_theme	 [2016-01-17 09:03:10]
[Info] no config setting key:admin_theme	 [2016-01-17 09:03:10]
[Info] no config setting key:admin_minify	 [2016-01-17 09:03:12]
[Info] no config setting key:admin_theme	 [2016-01-17 09:03:12]
[Info] no config setting key:admin_title	 [2016-01-17 09:03:12]
[Info] no config setting key:admin_title	 [2016-01-17 09:03:12]
[Info] no config setting key:admin_theme	 [2016-01-17 09:03:12]
[Info] no config setting key:admin_theme	 [2016-01-17 09:03:12]
[Info] no config setting key:admin_minify	 [2016-01-17 09:03:28]
[Info] no config setting key:admin_theme	 [2016-01-17 09:03:28]
[Info] no config setting key:admin_title	 [2016-01-17 09:03:28]
[Info] no config setting key:admin_title	 [2016-01-17 09:03:28]
[Info] no config setting key:admin_theme	 [2016-01-17 09:03:28]
[Info] no config setting key:admin_theme	 [2016-01-17 09:03:28]
[Info] no config setting key:admin_minify	 [2016-01-17 09:04:08]
[Info] no config setting key:admin_theme	 [2016-01-17 09:04:08]
[Info] no config setting key:admin_title	 [2016-01-17 09:04:08]
[Info] no config setting key:admin_title	 [2016-01-17 09:04:08]
[Info] no config setting key:admin_theme	 [2016-01-17 09:04:08]
[Info] no config setting key:admin_theme	 [2016-01-17 09:04:08]
[Info] no config setting key:admin_minify	 [2016-01-17 09:04:15]
[Info] no config setting key:admin_theme	 [2016-01-17 09:04:15]
[Info] no config setting key:admin_minify	 [2016-01-17 09:04:17]
[Info] no config setting key:admin_theme	 [2016-01-17 09:04:17]
[Info] no config setting key:admin_title	 [2016-01-17 09:04:17]
[Info] no config setting key:admin_title	 [2016-01-17 09:04:17]
[Info] no config setting key:admin_theme	 [2016-01-17 09:04:17]
[Info] no config setting key:admin_theme	 [2016-01-17 09:04:17]
[Info] no config setting key:admin_minify	 [2016-01-17 09:05:01]
[Info] no config setting key:admin_theme	 [2016-01-17 09:05:01]
[Info] no config setting key:admin_title	 [2016-01-17 09:05:01]
[Info] no config setting key:admin_title	 [2016-01-17 09:05:01]
[Info] no config setting key:admin_theme	 [2016-01-17 09:05:01]
[Info] no config setting key:admin_theme	 [2016-01-17 09:05:01]
[Info] no config setting key:admin_minify	 [2016-01-17 09:05:04]
[Info] no config setting key:admin_theme	 [2016-01-17 09:05:04]
[Info] no config setting key:admin_title	 [2016-01-17 09:05:04]
[Info] no config setting key:admin_title	 [2016-01-17 09:05:04]
[Info] no config setting key:admin_theme	 [2016-01-17 09:05:04]
[Info] no config setting key:admin_theme	 [2016-01-17 09:05:04]
[Info] no config setting key:admin_minify	 [2016-01-17 09:06:00]
[Info] no config setting key:admin_theme	 [2016-01-17 09:06:00]
[Info] no config setting key:admin_title	 [2016-01-17 09:06:00]
[Info] no config setting key:admin_title	 [2016-01-17 09:06:00]
[Info] no config setting key:admin_theme	 [2016-01-17 09:06:00]
[Info] no config setting key:admin_theme	 [2016-01-17 09:06:00]
[Info] no config setting key:admin_minify	 [2016-01-17 09:06:02]
[Info] no config setting key:admin_theme	 [2016-01-17 09:06:02]
[Info] no config setting key:admin_title	 [2016-01-17 09:06:02]
[Info] no config setting key:admin_title	 [2016-01-17 09:06:02]
[Info] no config setting key:admin_theme	 [2016-01-17 09:06:02]
[Info] no config setting key:admin_theme	 [2016-01-17 09:06:02]
[Info] no config setting key:admin_minify	 [2016-01-17 09:06:31]
[Info] no config setting key:admin_theme	 [2016-01-17 09:06:31]
[Info] no config setting key:admin_title	 [2016-01-17 09:06:31]
[Info] no config setting key:admin_title	 [2016-01-17 09:06:31]
[Info] no config setting key:admin_theme	 [2016-01-17 09:06:31]
[Info] no config setting key:admin_theme	 [2016-01-17 09:06:31]
[Info] no config setting key:admin_minify	 [2016-01-17 09:07:06]
[Info] no config setting key:admin_theme	 [2016-01-17 09:07:06]
[Info] no config setting key:admin_title	 [2016-01-17 09:07:07]
[Info] no config setting key:admin_title	 [2016-01-17 09:07:07]
[Info] no config setting key:admin_theme	 [2016-01-17 09:07:07]
[Info] no config setting key:admin_theme	 [2016-01-17 09:07:07]
[Info] no config setting key:admin_minify	 [2016-01-17 09:07:30]
[Info] no config setting key:admin_theme	 [2016-01-17 09:07:30]
[Info] no config setting key:admin_title	 [2016-01-17 09:07:30]
[Info] no config setting key:admin_title	 [2016-01-17 09:07:30]
[Info] no config setting key:admin_theme	 [2016-01-17 09:07:30]
[Info] no config setting key:admin_theme	 [2016-01-17 09:07:30]
[Info] no config setting key:admin_minify	 [2016-01-17 09:08:04]
[Info] no config setting key:admin_theme	 [2016-01-17 09:08:04]
[Info] no config setting key:admin_title	 [2016-01-17 09:08:04]
[Info] no config setting key:admin_title	 [2016-01-17 09:08:04]
[Info] no config setting key:admin_theme	 [2016-01-17 09:08:04]
[Info] no config setting key:admin_theme	 [2016-01-17 09:08:04]
[Info] no config setting key:admin_minify	 [2016-01-17 09:09:05]
[Info] no config setting key:admin_theme	 [2016-01-17 09:09:05]
[Info] no config setting key:admin_title	 [2016-01-17 09:09:05]
[Info] no config setting key:admin_title	 [2016-01-17 09:09:05]
[Info] no config setting key:admin_theme	 [2016-01-17 09:09:05]
[Info] no config setting key:admin_theme	 [2016-01-17 09:09:05]
[Info] no config setting key:admin_minify	 [2016-01-17 09:09:06]
[Info] no config setting key:admin_theme	 [2016-01-17 09:09:06]
[Info] no config setting key:admin_title	 [2016-01-17 09:09:06]
[Info] no config setting key:admin_title	 [2016-01-17 09:09:06]
[Info] no config setting key:admin_theme	 [2016-01-17 09:09:06]
[Info] no config setting key:admin_theme	 [2016-01-17 09:09:06]
[Info] no config setting key:admin_minify	 [2016-01-17 09:09:07]
[Info] no config setting key:admin_theme	 [2016-01-17 09:09:07]
[Info] no config setting key:admin_title	 [2016-01-17 09:09:07]
[Info] no config setting key:admin_title	 [2016-01-17 09:09:07]
[Info] no config setting key:admin_theme	 [2016-01-17 09:09:07]
[Info] no config setting key:admin_theme	 [2016-01-17 09:09:07]
[Info] no config setting key:admin_minify	 [2016-01-17 09:10:33]
[Info] no config setting key:admin_theme	 [2016-01-17 09:10:33]
[Info] no config setting key:admin_title	 [2016-01-17 09:10:33]
[Info] no config setting key:admin_title	 [2016-01-17 09:10:33]
[Info] no config setting key:admin_minify	 [2016-01-17 09:10:41]
[Info] no config setting key:admin_theme	 [2016-01-17 09:10:41]
[Info] no config setting key:admin_title	 [2016-01-17 09:10:41]
[Info] no config setting key:admin_title	 [2016-01-17 09:10:41]
[Info] no config setting key:admin_minify	 [2016-01-17 09:10:43]
[Info] no config setting key:admin_theme	 [2016-01-17 09:10:43]
[Info] no config setting key:admin_title	 [2016-01-17 09:10:43]
[Info] no config setting key:admin_title	 [2016-01-17 09:10:43]
[Info] no config setting key:admin_minify	 [2016-01-17 09:11:02]
[Info] no config setting key:admin_theme	 [2016-01-17 09:11:02]
[Info] no config setting key:admin_title	 [2016-01-17 09:11:02]
[Info] no config setting key:admin_title	 [2016-01-17 09:11:02]
[Info] no config setting key:admin_minify	 [2016-01-17 09:11:03]
[Info] no config setting key:admin_theme	 [2016-01-17 09:11:03]
[Info] no config setting key:admin_title	 [2016-01-17 09:11:03]
[Info] no config setting key:admin_title	 [2016-01-17 09:11:03]
[Info] no config setting key:admin_minify	 [2016-01-17 09:11:04]
[Info] no config setting key:admin_theme	 [2016-01-17 09:11:04]
[Info] no config setting key:admin_title	 [2016-01-17 09:11:04]
[Info] no config setting key:admin_title	 [2016-01-17 09:11:04]
[Info] no config setting key:admin_minify	 [2016-01-17 09:11:15]
[Info] no config setting key:admin_theme	 [2016-01-17 09:11:15]
[Info] no config setting key:admin_title	 [2016-01-17 09:11:15]
[Info] no config setting key:admin_minify	 [2016-01-17 09:11:22]
[Info] no config setting key:admin_theme	 [2016-01-17 09:11:22]
[Info] no config setting key:admin_title	 [2016-01-17 09:11:22]
[Info] no config setting key:admin_title	 [2016-01-17 09:11:22]
[Info] no config setting key:admin_minify	 [2016-01-17 09:11:43]
[Info] no config setting key:admin_theme	 [2016-01-17 09:11:43]
[Info] no config setting key:admin_title	 [2016-01-17 09:11:43]
[Info] no config setting key:admin_title	 [2016-01-17 09:11:43]
[Info] no config setting key:admin_minify	 [2016-01-17 09:11:54]
[Info] no config setting key:admin_theme	 [2016-01-17 09:11:54]
[Info] no config setting key:admin_title	 [2016-01-17 09:11:54]
[Info] no config setting key:admin_title	 [2016-01-17 09:11:54]
[Info] no config setting key:admin_minify	 [2016-01-17 09:12:01]
[Info] no config setting key:admin_theme	 [2016-01-17 09:12:01]
[Info] no config setting key:admin_title	 [2016-01-17 09:12:01]
[Info] no config setting key:admin_title	 [2016-01-17 09:12:01]
[Info] no config setting key:admin_minify	 [2016-01-17 09:12:12]
[Info] no config setting key:admin_theme	 [2016-01-17 09:12:12]
[Info] no config setting key:admin_title	 [2016-01-17 09:12:12]
[Info] no config setting key:admin_title	 [2016-01-17 09:12:12]
[Info] no config setting key:admin_minify	 [2016-01-17 09:13:27]
[Info] no config setting key:admin_theme	 [2016-01-17 09:13:27]
[Info] no config setting key:admin_title	 [2016-01-17 09:13:27]
[Info] no config setting key:admin_title	 [2016-01-17 09:13:27]
[Info] no config setting key:admin_minify	 [2016-01-17 09:13:37]
[Info] no config setting key:admin_theme	 [2016-01-17 09:13:37]
[Info] no config setting key:admin_title	 [2016-01-17 09:13:37]
[Info] no config setting key:admin_title	 [2016-01-17 09:13:37]
[Info] no config setting key:admin_minify	 [2016-01-17 09:14:06]
[Info] no config setting key:admin_theme	 [2016-01-17 09:14:06]
[Info] no config setting key:admin_title	 [2016-01-17 09:14:06]
[Info] no config setting key:admin_title	 [2016-01-17 09:14:06]
[Info] no config setting key:admin_minify	 [2016-01-17 09:14:08]
[Info] no config setting key:admin_theme	 [2016-01-17 09:14:08]
[Info] no config setting key:admin_title	 [2016-01-17 09:14:08]
[Info] no config setting key:admin_title	 [2016-01-17 09:14:08]
[Info] no config setting key:admin_minify	 [2016-01-17 09:14:21]
[Info] no config setting key:admin_theme	 [2016-01-17 09:14:21]
[Info] no config setting key:admin_title	 [2016-01-17 09:14:21]
[Info] no config setting key:admin_title	 [2016-01-17 09:14:21]
[Info] no config setting key:admin_minify	 [2016-01-17 09:15:45]
[Info] no config setting key:admin_theme	 [2016-01-17 09:15:45]
[Info] no config setting key:admin_title	 [2016-01-17 09:15:45]
[Info] no config setting key:admin_title	 [2016-01-17 09:15:45]
[Info] no config setting key:admin_theme	 [2016-01-17 09:15:45]
[Info] no config setting key:admin_theme	 [2016-01-17 09:15:45]
[Info] no config setting key:admin_minify	 [2016-01-17 09:15:50]
[Info] no config setting key:admin_theme	 [2016-01-17 09:15:50]
[Info] no config setting key:admin_title	 [2016-01-17 09:15:50]
[Info] no config setting key:admin_title	 [2016-01-17 09:15:50]
[Info] no config setting key:admin_theme	 [2016-01-17 09:15:50]
[Info] no config setting key:admin_theme	 [2016-01-17 09:15:50]
[Info] no config setting key:admin_minify	 [2016-01-17 09:16:00]
[Info] no config setting key:admin_theme	 [2016-01-17 09:16:00]
[Info] no config setting key:admin_title	 [2016-01-17 09:16:00]
[Info] no config setting key:admin_title	 [2016-01-17 09:16:00]
[Info] no config setting key:admin_theme	 [2016-01-17 09:16:00]
[Info] no config setting key:admin_theme	 [2016-01-17 09:16:00]
[Info] no config setting key:admin_minify	 [2016-01-17 09:16:01]
[Info] no config setting key:admin_theme	 [2016-01-17 09:16:01]
[Info] no config setting key:admin_title	 [2016-01-17 09:16:01]
[Info] no config setting key:admin_title	 [2016-01-17 09:16:01]
[Info] no config setting key:admin_theme	 [2016-01-17 09:16:01]
[Info] no config setting key:admin_theme	 [2016-01-17 09:16:01]
[Info] no config setting key:admin_minify	 [2016-01-17 09:17:32]
[Info] no config setting key:admin_theme	 [2016-01-17 09:17:32]
[Info] no config setting key:admin_title	 [2016-01-17 09:17:33]
[Info] no config setting key:admin_title	 [2016-01-17 09:17:33]
[Info] no config setting key:admin_theme	 [2016-01-17 09:17:33]
[Info] no config setting key:admin_theme	 [2016-01-17 09:17:33]
[Info] no config setting key:admin_minify	 [2016-01-17 09:17:55]
[Info] no config setting key:admin_theme	 [2016-01-17 09:17:55]
[Info] no config setting key:admin_title	 [2016-01-17 09:17:55]
[Info] no config setting key:admin_title	 [2016-01-17 09:17:55]
[Info] no config setting key:admin_theme	 [2016-01-17 09:17:55]
[Info] no config setting key:admin_theme	 [2016-01-17 09:17:55]
[Info] no config setting key:front_title	 [2016-01-17 09:17:58]
[Info] no config setting key:front_title_logo	 [2016-01-17 09:17:58]
[Info] no config setting key:home_index	 [2016-01-17 09:17:59]
[Info] no config setting key:home_index_value	 [2016-01-17 09:17:59]
[Info] no config setting key:front_title	 [2016-01-17 09:17:59]
[Info] no config setting key:front_title_logo	 [2016-01-17 09:17:59]
[Info] no config setting key:front_title	 [2016-01-17 09:18:05]
[Info] no config setting key:front_title_logo	 [2016-01-17 09:18:05]
[Info] no config setting key:front_title	 [2016-01-17 09:18:06]
[Info] no config setting key:front_title_logo	 [2016-01-17 09:18:06]
[Info] no config setting key:front_title	 [2016-01-17 09:18:07]
[Info] no config setting key:front_title_logo	 [2016-01-17 09:18:07]
[Info] no config setting key:front_title	 [2016-01-17 09:18:08]
[Info] no config setting key:front_title_logo	 [2016-01-17 09:18:08]
[Info] no config setting key:home_index	 [2016-01-17 09:18:09]
[Info] no config setting key:home_index_value	 [2016-01-17 09:18:09]
[Info] no config setting key:front_title	 [2016-01-17 09:18:09]
[Info] no config setting key:front_title_logo	 [2016-01-17 09:18:09]
[Info] no config setting key:front_title	 [2016-01-17 09:18:44]
[Info] no config setting key:front_title_logo	 [2016-01-17 09:18:44]
[Info] no config setting key:admin_minify	 [2016-01-17 09:18:47]
[Info] no config setting key:admin_theme	 [2016-01-17 09:18:47]
[Info] no config setting key:admin_title	 [2016-01-17 09:18:47]
[Info] no config setting key:admin_title	 [2016-01-17 09:18:47]
[Info] no config setting key:admin_theme	 [2016-01-17 09:18:47]
[Info] no config setting key:admin_theme	 [2016-01-17 09:18:47]
[Info] no config setting key:admin_minify	 [2016-01-17 09:18:49]
[Info] no config setting key:admin_theme	 [2016-01-17 09:18:49]
[Info] no config setting key:admin_title	 [2016-01-17 09:18:49]
[Info] no config setting key:admin_title	 [2016-01-17 09:18:49]
[Info] no config setting key:admin_theme	 [2016-01-17 09:18:49]
[Info] no config setting key:admin_theme	 [2016-01-17 09:18:49]
